
My PID: 202783
From a new terminal type `kill -SIGINT 202783` or `kill -SIGTERM 202783` to stop processing packets

My ID: 5

List of resolved hosts is:
==========================
1
Human-readable IP: localhost
Machine-readable IP: 4294967295
Human-readable Port: 11001
Machine-readable Port: 63786

2
Human-readable IP: localhost
Machine-readable IP: 4294967295
Human-readable Port: 11002
Machine-readable Port: 64042

3
Human-readable IP: localhost
Machine-readable IP: 4294967295
Human-readable Port: 11003
Machine-readable Port: 64298

4
Human-readable IP: localhost
Machine-readable IP: 4294967295
Human-readable Port: 11004
Machine-readable Port: 64554

5
Human-readable IP: localhost
Machine-readable IP: 4294967295
Human-readable Port: 11005
Machine-readable Port: 64810

6
Human-readable IP: localhost
Machine-readable IP: 4294967295
Human-readable Port: 11006
Machine-readable Port: 65066

7
Human-readable IP: localhost
Machine-readable IP: 4294967295
Human-readable Port: 11007
Machine-readable Port: 65322

8
Human-readable IP: localhost
Machine-readable IP: 4294967295
Human-readable Port: 11008
Machine-readable Port: 43

9
Human-readable IP: localhost
Machine-readable IP: 4294967295
Human-readable Port: 11009
Machine-readable Port: 299

10
Human-readable IP: localhost
Machine-readable IP: 4294967295
Human-readable Port: 11010
Machine-readable Port: 555


Path to output:
===============
/home/ygifoom/epfl/da/CS451-2025-project/template_cpp/output/proc_5.output

Path to config:
===============
/home/ygifoom/epfl/da/CS451-2025-project/example/configs/perfect-links.config

Doing some initialization...

Broadcasting and delivering messages...

initializing node....
node initialized!
starting loop
3-PFLX SEND: I am sending '5 1', message of len '4' to process: 10
3-PFLX SEND: I am sending '5 2', message of len '4' to process: 10
3-PFLX SEND: I am sending '5 3', message of len '4' to process: 10
3-PFLX SEND: I am sending '5 4', message of len '4' to process: 10
3-PFLX SEND: I am sending '5 5', message of len '4' to process: 10
3-PFLX SEND: I am sending '5 6', message of len '4' to process: 10
3-PFLX SEND: I am sending '5 7', message of len '4' to process: 10
3-PFLX SEND: I am sending '5 8', message of len '4' to process: 10
3-PFLX SEND: I am sending '5 9', message of len '4' to process: 10
3-PFLX SEND: I am sending '5 10', message of len '5' to process: 10
3-PFLX SEND: I am sending '5 11', message of len '5' to process: 10
3-PFLX SEND: I am sending '5 12', message of len '5' to process: 10
3-PFLX SEND: I am sending '5 13', message of len '5' to process: 10
3-PFLX SEND: I am sending '5 14', message of len '5' to process: 10
3-PFLX SEND: I am sending '5 15', message of len '5' to process: 10
3-PFLX SEND: I am sending '5 16', message of len '5' to process: 10
3-PFLX SEND: I am sending '5 17', message of len '5' to process: 10
3-PFLX SEND: I am sending '5 18', message of len '5' to process: 10
3-PFLX SEND: I am sending '5 19', message of len '5' to process: 10
3-PFLX SEND: I am sending '5 20', message of len '5' to process: 10
3-PFLX SEND: I am sending '5 21', message of len '5' to process: 10
3-PFLX SEND: I am sending '5 22', message of len '5' to process: 10
3-PFLX SEND: I am sending '5 23', message of len '5' to process: 10
3-PFLX SEND: I am sending '5 24', message of len '5' to process: 10
3-PFLX SEND: I am sending '5 25', message of len '5' to process: 10
3-PFLX SEND: I am sending '5 26', message of len '5' to process: 10
3-PFLX SEND: I am sending '5 27', message of len '5' to process: 10
3-PFLX SEND: I am sending '5 28', message of len '5' to process: 10
3-PFLX SEND: I am sending '5 29', message of len '5' to process: 10
3-PFLX SEND: I am sending '5 30', message of len '5' to process: 10
3-PFLX SEND: I am sending '5 31', message of len '5' to process: 10
3-PFLX SEND: I am sending '5 32', message of len '5' to process: 10
3-PFLX SEND: I am sending '5 33', message of len '5' to process: 10
3-PFLX SEND: I am sending '5 34', message of len '5' to process: 10
3-PFLX SEND: I am sending '5 35', message of len '5' to process: 10
3-PFLX SEND: I am sending '5 36', message of len '5' to process: 10
3-PFLX SEND: I am sending '5 37', message of len '5' to process: 10
3-PFLX SEND: I am sending '5 38', message of len '5' to process: 10
3-PFLX SEND: I am sending '5 39', message of len '5' to process: 10
3-PFLX SEND: I am sending '5 40', message of len '5' to process: 10
3-PFLX SEND: I am sending '5 41', message of len '5' to process: 10
3-PFLX SEND: I am sending '5 42', message of len '5' to process: 10
3-PFLX SEND: I am sending '5 43', message of len '5' to process: 10
3-PFLX SEND: I am sending '5 44', message of len '5' to process: 10
3-PFLX SEND: I am sending '5 45', message of len '5' to process: 10
3-PFLX SEND: I am sending '5 46', message of len '5' to process: 10
3-PFLX SEND: I am sending '5 47', message of len '5' to process: 10
3-PFLX SEND: I am sending '5 48', message of len '5' to process: 10
3-PFLX SEND: I am sending '5 49', message of len '5' to process: 10
3-PFLX SEND: I am sending '5 50', message of len '5' to process: 10
3-PFLX SEND: I am sending '5 51', message of len '5' to process: 10
3-PFLX SEND: I am sending '5 52', message of len '5' to process: 10
3-PFLX SEND: I am sending '5 53', message of len '5' to process: 10
3-PFLX SEND: I am sending '5 54', message of len '5' to process: 10
3-PFLX SEND: I am sending '5 55', message of len '5' to process: 10
3-PFLX SEND: I am sending '5 56', message of len '5' to process: 10
3-PFLX SEND: I am sending '5 57', message of len '5' to process: 10
3-PFLX SEND: I am sending '5 58', message of len '5' to process: 10
3-PFLX SEND: I am sending '5 59', message of len '5' to process: 10
3-PFLX SEND: I am sending '5 60', message of len '5' to process: 10
3-PFLX SEND: I am sending '5 61', message of len '5' to process: 10
3-PFLX SEND: I am sending '5 62', message of len '5' to process: 10
3-PFLX SEND: I am sending '5 63', message of len '5' to process: 10
3-PFLX SEND: I am sending '5 64', message of len '5' to process: 10
3-PFLX SEND: I am sending '5 65', message of len '5' to process: 10
3-PFLX SEND: I am sending '5 66', message of len '5' to process: 10
3-PFLX SEND: I am sending '5 67', message of len '5' to process: 10
3-PFLX SEND: I am sending '5 68', message of len '5' to process: 10
3-PFLX SEND: I am sending '5 69', message of len '5' to process: 10
3-PFLX SEND: I am sending '5 70', message of len '5' to process: 10
3-PFLX SEND: I am sending '5 71', message of len '5' to process: 10
3-PFLX SEND: I am sending '5 72', message of len '5' to process: 10
3-PFLX SEND: I am sending '5 73', message of len '5' to process: 10
3-PFLX SEND: I am sending '5 74', message of len '5' to process: 10
3-PFLX SEND: I am sending '5 75', message of len '5' to process: 10
3-PFLX SEND: I am sending '5 76', message of len '5' to process: 10
3-PFLX SEND: I am sending '5 77', message of len '5' to process: 10
3-PFLX SEND: I am sending '5 78', message of len '5' to process: 10
3-PFLX SEND: I am sending '5 79', message of len '5' to process: 10
3-PFLX SEND: I am sending '5 80', message of len '5' to process: 10
3-PFLX SEND: I am sending '5 81', message of len '5' to process: 10
3-PFLX SEND: I am sending '5 82', message of len '5' to process: 10
3-PFLX SEND: I am sending '5 83', message of len '5' to process: 10
3-PFLX SEND: I am sending '5 84', message of len '5' to process: 10
3-PFLX SEND: I am sending '5 85', message of len '5' to process: 10
3-PFLX SEND: I am sending '5 86', message of len '5' to process: 10
3-PFLX SEND: I am sending '5 87', message of len '5' to process: 10
3-PFLX SEND: I am sending '5 88', message of len '5' to process: 10
3-PFLX SEND: I am sending '5 89', message of len '5' to process: 10
3-PFLX SEND: I am sending '5 90', message of len '5' to process: 10
3-PFLX SEND: I am sending '5 91', message of len '5' to process: 10
3-PFLX SEND: I am sending '5 92', message of len '5' to process: 10
3-PFLX SEND: I am sending '5 93', message of len '5' to process: 10
3-PFLX SEND: I am sending '5 94', message of len '5' to process: 10
3-PFLX SEND: I am sending '5 95', message of len '5' to process: 10
3-PFLX SEND: I am sending '5 96', message of len '5' to process: 10
3-PFLX SEND: I am sending '5 97', message of len '5' to process: 10
3-PFLX SEND: I am sending '5 98', message of len '5' to process: 10
3-PFLX SEND: I am sending '5 99', message of len '5' to process: 10
3-PFLX SEND: I am sending '5 100', message of len '6' to process: 10
3-PFLX RECV: started
3-PFLX RECV ROUTINE: just udp recvd wh result 39
3-PFLX RECV ROUTINE: recreating message from frame
3-PFLX RECV ROUTINE: entering main logic
3-PFLX RECV ROUTINE: recieved an ack from 10 for message ID 11
3-PFLX RECV ROUTINE: ACK is non-consequent, adding to set
3-PFLX RECV ROUTINE: just udp recvd wh result 39
3-PFLX RECV ROUTINE: recreating message from frame
3-PFLX RECV ROUTINE: entering main logic
3-PFLX RECV ROUTINE: recieved an ack from 10 for message ID 12
3-PFLX RECV ROUTINE: ACK is non-consequent, adding to set
3-PFLX RECV ROUTINE: just udp recvd wh result 39
3-PFLX RECV ROUTINE: recreating message from frame
3-PFLX RECV ROUTINE: entering main logic
3-PFLX RECV ROUTINE: recieved an ack from 10 for message ID 13
3-PFLX RECV ROUTINE: ACK is non-consequent, adding to set
3-PFLX RECV ROUTINE: just udp recvd wh result 39
3-PFLX RECV ROUTINE: recreating message from frame
3-PFLX RECV ROUTINE: entering main logic
3-PFLX RECV ROUTINE: recieved an ack from 10 for message ID 14
3-PFLX RECV ROUTINE: ACK is non-consequent, adding to set
3-PFLX RECV ROUTINE: just udp recvd wh result 39
3-PFLX RECV ROUTINE: recreating message from frame
3-PFLX RECV ROUTINE: entering main logic
3-PFLX RECV ROUTINE: recieved an ack from 10 for message ID 15
3-PFLX RECV ROUTINE: ACK is non-consequent, adding to set
3-PFLX RECV ROUTINE: just udp recvd wh result 39
3-PFLX RECV ROUTINE: recreating message from frame
3-PFLX RECV ROUTINE: entering main logic
3-PFLX RECV ROUTINE: recieved an ack from 10 for message ID 16
3-PFLX RECV ROUTINE: ACK is non-consequent, adding to set
3-PFLX RECV ROUTINE: just udp recvd wh result 39
3-PFLX RECV ROUTINE: recreating message from frame
3-PFLX RECV ROUTINE: entering main logic
3-PFLX RECV ROUTINE: recieved an ack from 10 for message ID 17
3-PFLX RECV ROUTINE: ACK is non-consequent, adding to set
3-PFLX RECV ROUTINE: just udp recvd wh result 39
3-PFLX RECV ROUTINE: recreating message from frame
3-PFLX RECV ROUTINE: entering main logic
3-PFLX RECV ROUTINE: recieved an ack from 10 for message ID 18
3-PFLX RECV ROUTINE: ACK is non-consequent, adding to set
3-PFLX RECV ROUTINE: just udp recvd wh result 39
3-PFLX RECV ROUTINE: recreating message from frame
3-PFLX RECV ROUTINE: entering main logic
3-PFLX RECV ROUTINE: recieved an ack from 10 for message ID 19
3-PFLX RECV ROUTINE: ACK is non-consequent, adding to set
3-PFLX RECV ROUTINE: just udp recvd wh result 39
3-PFLX RECV ROUTINE: recreating message from frame
3-PFLX RECV ROUTINE: entering main logic
3-PFLX RECV ROUTINE: recieved an ack from 10 for message ID 20
3-PFLX RECV ROUTINE: ACK is non-consequent, adding to set
3-PFLX RECV ROUTINE: just udp recvd wh result 39
3-PFLX RECV ROUTINE: recreating message from frame
3-PFLX RECV ROUTINE: entering main logic
3-PFLX RECV ROUTINE: recieved an ack from 10 for message ID 21
3-PFLX RECV ROUTINE: ACK is non-consequent, adding to set
3-PFLX RECV ROUTINE: just udp recvd wh result 39
3-PFLX RECV ROUTINE: recreating message from frame
3-PFLX RECV ROUTINE: entering main logic
3-PFLX RECV ROUTINE: recieved an ack from 10 for message ID 22
3-PFLX RECV ROUTINE: ACK is non-consequent, adding to set
3-PFLX RECV ROUTINE: just udp recvd wh result 39
3-PFLX RECV ROUTINE: recreating message from frame
3-PFLX RECV ROUTINE: entering main logic
3-PFLX RECV ROUTINE: recieved an ack from 10 for message ID 23
3-PFLX RECV ROUTINE: ACK is non-consequent, adding to set
3-PFLX RECV ROUTINE: just udp recvd wh result 39
3-PFLX RECV ROUTINE: recreating message from frame
3-PFLX RECV ROUTINE: entering main logic
3-PFLX RECV ROUTINE: recieved an ack from 10 for message ID 24
3-PFLX RECV ROUTINE: ACK is non-consequent, adding to set
3-PFLX RECV ROUTINE: just udp recvd wh result 39
3-PFLX RECV ROUTINE: recreating message from frame
3-PFLX RECV ROUTINE: entering main logic
3-PFLX RECV ROUTINE: recieved an ack from 10 for message ID 25
3-PFLX RECV ROUTINE: ACK is non-consequent, adding to set
3-PFLX RECV ROUTINE: just udp recvd wh result 39
3-PFLX RECV ROUTINE: recreating message from frame
3-PFLX RECV ROUTINE: entering main logic
3-PFLX RECV ROUTINE: recieved an ack from 10 for message ID 26
3-PFLX RECV ROUTINE: ACK is non-consequent, adding to set
3-PFLX RECV ROUTINE: just udp recvd wh result 39
3-PFLX RECV ROUTINE: recreating message from frame
3-PFLX RECV ROUTINE: entering main logic
3-PFLX RECV ROUTINE: recieved an ack from 10 for message ID 27
3-PFLX RECV ROUTINE: ACK is non-consequent, adding to set
3-PFLX RECV ROUTINE: just udp recvd wh result 39
3-PFLX RECV ROUTINE: recreating message from frame
3-PFLX RECV ROUTINE: entering main logic
3-PFLX RECV ROUTINE: recieved an ack from 10 for message ID 28
3-PFLX RECV ROUTINE: ACK is non-consequent, adding to set
3-PFLX RECV ROUTINE: just udp recvd wh result 39
3-PFLX RECV ROUTINE: recreating message from frame
3-PFLX RECV ROUTINE: entering main logic
3-PFLX RECV ROUTINE: recieved an ack from 10 for message ID 29
3-PFLX RECV ROUTINE: ACK is non-consequent, adding to set
3-PFLX RECV ROUTINE: just udp recvd wh result 38
3-PFLX RECV ROUTINE: recreating message from frame
3-PFLX RECV ROUTINE: entering main logic
3-PFLX RECV ROUTINE: recieved an ack from 10 for message ID 1
3-PFLX RECV ROUTINE: ACK matches expected consequent, updating
3-PFLX RECV ROUTINE: just udp recvd wh result 39
3-PFLX RECV ROUTINE: recreating message from frame
3-PFLX RECV ROUTINE: entering main logic
3-PFLX RECV ROUTINE: recieved an ack from 10 for message ID 30
3-PFLX RECV ROUTINE: ACK is non-consequent, adding to set
3-PFLX RECV ROUTINE: just udp recvd wh result 39
3-PFLX RECV ROUTINE: recreating message from frame
3-PFLX RECV ROUTINE: entering main logic
3-PFLX RECV ROUTINE: recieved an ack from 10 for message ID 31
3-PFLX RECV ROUTINE: ACK is non-consequent, adding to set
3-PFLX RECV ROUTINE: just udp recvd wh result 39
3-PFLX RECV ROUTINE: recreating message from frame
3-PFLX RECV ROUTINE: entering main logic
3-PFLX RECV ROUTINE: recieved an ack from 10 for message ID 32
3-PFLX RECV ROUTINE: ACK is non-consequent, adding to set
3-PFLX RECV ROUTINE: just udp recvd wh result 39
3-PFLX RECV ROUTINE: recreating message from frame
3-PFLX RECV ROUTINE: entering main logic
3-PFLX RECV ROUTINE: recieved an ack from 10 for message ID 33
3-PFLX RECV ROUTINE: ACK is non-consequent, adding to set
3-PFLX SEND ROUTINE: pushing into upQueue '5 11'
3-I am recieving '5 11', message of len '5'
3-PFLX RECV: started
3-PFLX SEND ROUTINE: pushing into upQueue '5 12'
3-I am recieving '5 12', message of len '5'
3-PFLX RECV: started
3-PFLX SEND ROUTINE: pushing into upQueue '5 13'
3-PFLX RECV ROUTINE: just udp recvd wh result 39
3-PFLX RECV ROUTINE: recreating message from frame
3-PFLX RECV ROUTINE: entering main logic
3-I am recieving '5 13', message of len '5'
3-PFLX RECV: started
3-PFLX RECV ROUTINE: recieved an ack from 10 for message ID 34
3-PFLX RECV ROUTINE: ACK is non-consequent, adding to set
3-PFLX SEND ROUTINE: pushing into upQueue '5 14'
3-I am recieving '5 14', message of len '5'
3-PFLX RECV: started
3-PFLX SEND ROUTINE: pushing into upQueue '5 15'
3-I am recieving '5 15', message of len '5'
3-PFLX RECV: started
3-PFLX SEND ROUTINE: pushing into upQueue '5 16'
3-I am recieving '5 16', message of len '5'
3-PFLX RECV: started
3-PFLX SEND ROUTINE: pushing into upQueue '5 17'
3-I am recieving '5 17', message of len '5'
3-PFLX RECV: started
3-PFLX RECV ROUTINE: just udp recvd wh result 39
3-PFLX RECV ROUTINE: recreating message from frame
3-PFLX RECV ROUTINE: entering main logic
3-PFLX RECV ROUTINE: recieved an ack from 10 for message ID 35
3-PFLX RECV ROUTINE: ACK is non-consequent, adding to set
3-PFLX RECV ROUTINE: just udp recvd wh result 39
3-PFLX RECV ROUTINE: recreating message from frame
3-PFLX RECV ROUTINE: entering main logic
3-PFLX RECV ROUTINE: recieved an ack from 10 for message ID 43
3-PFLX RECV ROUTINE: ACK is non-consequent, adding to set
3-PFLX SEND ROUTINE: pushing into upQueue '5 18'
3-I am recieving '5 18', message of len '5'
3-PFLX RECV: started
3-PFLX SEND ROUTINE: pushing into upQueue '5 19'
3-I am recieving '5 19', message of len '5'
3-PFLX RECV: started
3-PFLX SEND ROUTINE: pushing into upQueue '5 20'
3-I am recieving '5 20', message of len '5'
3-PFLX RECV: started
3-PFLX SEND ROUTINE: pushing into upQueue '5 21'
3-I am recieving '5 21', message of len '5'
3-PFLX RECV: started
3-PFLX RECV ROUTINE: just udp recvd wh result 39
3-PFLX RECV ROUTINE: recreating message from frame
3-PFLX RECV ROUTINE: entering main logic
3-PFLX RECV ROUTINE: recieved an ack from 10 for message ID 44
3-PFLX RECV ROUTINE: ACK is non-consequent, adding to set
3-PFLX SEND ROUTINE: pushing into upQueue '5 22'
3-I am recieving '5 22', message of len '5'
3-PFLX RECV: started
3-PFLX SEND ROUTINE: pushing into upQueue '5 23'
3-I am recieving '5 23', message of len '5'
3-PFLX RECV: started
3-PFLX SEND ROUTINE: pushing into upQueue '5 24'
3-I am recieving '5 24', message of len '5'
3-PFLX RECV: started
3-PFLX SEND ROUTINE: pushing into upQueue '5 25'
3-I am recieving '5 25', message of len '5'
3-PFLX RECV: started
3-PFLX SEND ROUTINE: pushing into upQueue '5 26'
3-I am recieving '5 26', message of len '5'
3-PFLX RECV: started
3-PFLX SEND ROUTINE: pushing into upQueue '5 27'
3-I am recieving '5 27', message of len '5'
3-PFLX RECV: started
3-PFLX SEND ROUTINE: pushing into upQueue '5 28'
3-I am recieving '5 28', message of len '5'
3-PFLX RECV: started
3-PFLX SEND ROUTINE: pushing into upQueue '5 29'
3-I am recieving '5 29', message of len '5'
3-PFLX RECV: started
3-PFLX SEND ROUTINE: pushing into upQueue '5 1'
3-I am recieving '5 1', message of len '4'
3-PFLX RECV: started
3-PFLX SEND ROUTINE: pushing into upQueue '5 30'
3-I am recieving '5 30', message of len '5'
3-PFLX RECV: started
3-PFLX SEND ROUTINE: pushing into upQueue '5 31'
3-I am recieving '5 31', message of len '5'
3-PFLX RECV: started
3-PFLX SEND ROUTINE: pushing into upQueue '5 32'
3-I am recieving '5 32', message of len '5'
3-PFLX RECV: started
3-PFLX SEND ROUTINE: pushing into upQueue '5 33'
3-I am recieving '5 33', message of len '5'
3-PFLX RECV: started
3-PFLX SEND ROUTINE: pushing into upQueue '5 34'
3-I am recieving '5 34', message of len '5'
3-PFLX RECV: started
3-PFLX SEND ROUTINE: pushing into upQueue '5 35'
3-PFLX RECV ROUTINE: just udp recvd wh result 39
3-PFLX RECV ROUTINE: recreating message from frame
3-PFLX RECV ROUTINE: entering main logic
3-PFLX RECV ROUTINE: recieved an ack from 10 for message ID 45
3-PFLX RECV ROUTINE: ACK is non-consequent, adding to set
3-I am recieving '5 35', message of len '5'
3-PFLX RECV: started
3-PFLX RECV ROUTINE: just udp recvd wh result 39
3-PFLX RECV ROUTINE: recreating message from frame
3-PFLX RECV ROUTINE: entering main logic
3-PFLX RECV ROUTINE: recieved an ack from 10 for message ID 46
3-PFLX RECV ROUTINE: ACK is non-consequent, adding to set
3-PFLX RECV ROUTINE: just udp recvd wh result 39
3-PFLX RECV ROUTINE: recreating message from frame
3-PFLX RECV ROUTINE: entering main logic
3-PFLX RECV ROUTINE: recieved an ack from 10 for message ID 47
3-PFLX RECV ROUTINE: ACK is non-consequent, adding to set
3-PFLX RECV ROUTINE: just udp recvd wh result 39
3-PFLX RECV ROUTINE: recreating message from frame
3-PFLX RECV ROUTINE: entering main logic
3-PFLX RECV ROUTINE: recieved an ack from 10 for message ID 48
3-PFLX RECV ROUTINE: ACK is non-consequent, adding to set
3-PFLX RECV ROUTINE: just udp recvd wh result 39
3-PFLX RECV ROUTINE: recreating message from frame
3-PFLX RECV ROUTINE: entering main logic
3-PFLX RECV ROUTINE: recieved an ack from 10 for message ID 70
3-PFLX RECV ROUTINE: ACK is non-consequent, adding to set
3-PFLX SEND ROUTINE: pushing into upQueue '5 43'
3-I am recieving '5 43', message of len '5'
3-PFLX RECV: started
3-PFLX SEND ROUTINE: pushing into upQueue '5 44'
3-I am recieving '5 44', message of len '5'
3-PFLX RECV: started
3-PFLX SEND ROUTINE: pushing into upQueue '5 45'
3-I am recieving '5 45', message of len '5'
3-PFLX RECV: started
3-PFLX RECV ROUTINE: just udp recvd wh result 39
3-PFLX RECV ROUTINE: recreating message from frame
3-PFLX RECV ROUTINE: entering main logic
3-PFLX RECV ROUTINE: recieved an ack from 10 for message ID 71
3-PFLX RECV ROUTINE: ACK is non-consequent, adding to set
3-PFLX SEND ROUTINE: pushing into upQueue '5 46'
3-I am recieving '5 46', message of len '5'
3-PFLX RECV: started
3-PFLX RECV ROUTINE: just udp recvd wh result 39
3-PFLX RECV ROUTINE: recreating message from frame
3-PFLX RECV ROUTINE: entering main logic
3-PFLX RECV ROUTINE: recieved an ack from 10 for message ID 72
3-PFLX RECV ROUTINE: ACK is non-consequent, adding to set
3-PFLX SEND ROUTINE: pushing into upQueue '5 47'
3-I am recieving '5 47', message of len '5'
3-PFLX RECV: started
3-PFLX SEND ROUTINE: pushing into upQueue '5 48'
3-I am recieving '5 48', message of len '5'
3-PFLX RECV: started
3-PFLX RECV ROUTINE: just udp recvd wh result 39
3-PFLX RECV ROUTINE: recreating message from frame
3-PFLX RECV ROUTINE: entering main logic
3-PFLX RECV ROUTINE: recieved an ack from 10 for message ID 73
3-PFLX RECV ROUTINE: ACK is non-consequent, adding to set
3-PFLX RECV ROUTINE: just udp recvd wh result 39
3-PFLX RECV ROUTINE: recreating message from frame
3-PFLX RECV ROUTINE: entering main logic
3-PFLX RECV ROUTINE: recieved an ack from 10 for message ID 74
3-PFLX RECV ROUTINE: ACK is non-consequent, adding to set
3-PFLX RECV ROUTINE: just udp recvd wh result 39
3-PFLX RECV ROUTINE: recreating message from frame
3-PFLX RECV ROUTINE: entering main logic
3-PFLX RECV ROUTINE: recieved an ack from 10 for message ID 75
3-PFLX RECV ROUTINE: ACK is non-consequent, adding to set
3-PFLX RECV ROUTINE: just udp recvd wh result 39
3-PFLX RECV ROUTINE: recreating message from frame
3-PFLX RECV ROUTINE: entering main logic
3-PFLX RECV ROUTINE: recieved an ack from 10 for message ID 76
3-PFLX RECV ROUTINE: ACK is non-consequent, adding to set
3-PFLX RECV ROUTINE: just udp recvd wh result 38
3-PFLX RECV ROUTINE: recreating message from frame
3-PFLX RECV ROUTINE: entering main logic
3-PFLX RECV ROUTINE: recieved an ack from 10 for message ID 4
3-PFLX RECV ROUTINE: ACK is non-consequent, adding to set
3-PFLX RECV ROUTINE: just udp recvd wh result 39
3-PFLX RECV ROUTINE: recreating message from frame
3-PFLX RECV ROUTINE: entering main logic
3-PFLX RECV ROUTINE: recieved an ack from 10 for message ID 77
3-PFLX RECV ROUTINE: ACK is non-consequent, adding to set
3-PFLX RECV ROUTINE: just udp recvd wh result 39
3-PFLX RECV ROUTINE: recreating message from frame
3-PFLX RECV ROUTINE: entering main logic
3-PFLX RECV ROUTINE: recieved an ack from 10 for message ID 78
3-PFLX RECV ROUTINE: ACK is non-consequent, adding to set
3-PFLX RECV ROUTINE: just udp recvd wh result 39
3-PFLX RECV ROUTINE: recreating message from frame
3-PFLX RECV ROUTINE: entering main logic
3-PFLX RECV ROUTINE: recieved an ack from 10 for message ID 85
3-PFLX RECV ROUTINE: ACK is non-consequent, adding to set
3-PFLX SEND ROUTINE: pushing into upQueue '5 70'
3-PFLX SEND ROUTINE: pushing into upQueue '5 71'
3-I am recieving '5 70', message of len '5'
3-PFLX RECV: started
3-I am recieving '5 71', message of len '5'
3-PFLX RECV: started
3-PFLX RECV ROUTINE: just udp recvd wh result 39
3-PFLX RECV ROUTINE: recreating message from frame
3-PFLX RECV ROUTINE: entering main logic
3-PFLX RECV ROUTINE: recieved an ack from 10 for message ID 86
3-PFLX RECV ROUTINE: ACK is non-consequent, adding to set
3-PFLX SEND ROUTINE: pushing into upQueue '5 72'
3-I am recieving '5 72', message of len '5'
3-PFLX RECV: started
3-PFLX SEND ROUTINE: pushing into upQueue '5 73'
3-I am recieving '5 73', message of len '5'
3-PFLX RECV: started
3-PFLX SEND ROUTINE: pushing into upQueue '5 74'
3-I am recieving '5 74', message of len '5'
3-PFLX RECV: started
3-PFLX SEND ROUTINE: pushing into upQueue '5 75'
3-I am recieving '5 75', message of len '5'
3-PFLX RECV: started
3-PFLX RECV ROUTINE: just udp recvd wh result 39
3-PFLX RECV ROUTINE: recreating message from frame
3-PFLX RECV ROUTINE: entering main logic
3-PFLX RECV ROUTINE: recieved an ack from 10 for message ID 87
3-PFLX RECV ROUTINE: ACK is non-consequent, adding to set
3-PFLX SEND ROUTINE: pushing into upQueue '5 76'
3-I am recieving '5 76', message of len '5'
3-PFLX RECV: started
3-PFLX SEND ROUTINE: pushing into upQueue '5 4'
3-I am recieving '5 4', message of len '4'
3-PFLX RECV: started
3-PFLX SEND ROUTINE: pushing into upQueue '5 77'
3-I am recieving '5 77', message of len '5'
3-PFLX RECV: started
3-PFLX SEND ROUTINE: pushing into upQueue '5 78'
3-I am recieving '5 78', message of len '5'
3-PFLX RECV: started
3-PFLX RECV ROUTINE: just udp recvd wh result 38
3-PFLX RECV ROUTINE: recreating message from frame
3-PFLX RECV ROUTINE: entering main logic
3-PFLX RECV ROUTINE: recieved an ack from 10 for message ID 5
3-PFLX RECV ROUTINE: ACK is non-consequent, adding to set
3-PFLX RECV ROUTINE: just udp recvd wh result 39
3-PFLX RECV ROUTINE: recreating message from frame
3-PFLX RECV ROUTINE: entering main logic
3-PFLX RECV ROUTINE: recieved an ack from 10 for message ID 88
3-PFLX RECV ROUTINE: ACK is non-consequent, adding to set
3-PFLX SEND ROUTINE: pushing into upQueue '5 85'
3-I am recieving '5 85', message of len '5'
3-PFLX RECV: started
3-PFLX SEND ROUTINE: pushing into upQueue '5 86'
3-PFLX RECV ROUTINE: just udp recvd wh result 39
3-PFLX RECV ROUTINE: recreating message from frame
3-PFLX RECV ROUTINE: entering main logic
3-PFLX RECV ROUTINE: recieved an ack from 10 for message ID 89
3-PFLX RECV ROUTINE: ACK is non-consequent, adding to set
3-PFLX SEND ROUTINE: pushing into upQueue '5 87'
3-PFLX SEND ROUTINE: pushing into upQueue '5 5'
3-PFLX SEND ROUTINE: pushing into upQueue '5 88'
3-PFLX RECV ROUTINE: just udp recvd wh result 39
3-PFLX RECV ROUTINE: recreating message from frame
3-PFLX RECV ROUTINE: entering main logic
3-PFLX RECV ROUTINE: recieved an ack from 10 for message ID 90
3-PFLX RECV ROUTINE: ACK is non-consequent, adding to set
3-PFLX SEND ROUTINE: pushing into upQueue '5 89'
3-PFLX SEND ROUTINE: pushing into upQueue '5 90'
3-PFLX RECV ROUTINE: just udp recvd wh result 39
3-PFLX RECV ROUTINE: recreating message from frame
3-PFLX RECV ROUTINE: entering main logic
3-PFLX RECV ROUTINE: recieved an ack from 10 for message ID 91
3-PFLX RECV ROUTINE: ACK is non-consequent, adding to set
3-PFLX RECV ROUTINE: just udp recvd wh result 39
3-PFLX RECV ROUTINE: recreating message from frame
3-PFLX RECV ROUTINE: entering main logic
3-PFLX RECV ROUTINE: recieved an ack from 10 for message ID 41
3-PFLX RECV ROUTINE: ACK is non-consequent, adding to set
3-PFLX RECV ROUTINE: just udp recvd wh result 39
3-PFLX RECV ROUTINE: recreating message from frame
3-PFLX RECV ROUTINE: entering main logic
3-PFLX RECV ROUTINE: recieved an ack from 10 for message ID 42
3-PFLX RECV ROUTINE: ACK is non-consequent, adding to set
3-PFLX RECV ROUTINE: just udp recvd wh result 39
3-PFLX RECV ROUTINE: recreating message from frame
3-PFLX RECV ROUTINE: entering main logic
3-PFLX RECV ROUTINE: recieved an ack from 10 for message ID 49
3-PFLX RECV ROUTINE: ACK is non-consequent, adding to set
3-PFLX SEND ROUTINE: pushing into upQueue '5 41'
3-PFLX SEND ROUTINE: pushing into upQueue '5 42'
3-PFLX SEND ROUTINE: pushing into upQueue '5 49'
3-I am recieving '5 86', message of len '5'
3-PFLX RECV: started
3-I am recieving '5 87', message of len '5'
3-PFLX RECV: started
3-I am recieving '5 5', message of len '4'
3-PFLX RECV: started
3-I am recieving '5 88', message of len '5'
3-PFLX RECV: started
3-I am recieving '5 89', message of len '5'
3-PFLX RECV: started
3-I am recieving '5 90', message of len '5'
3-PFLX RECV: started
3-I am recieving '5 41', message of len '5'
3-PFLX RECV: started
3-I am recieving '5 42', message of len '5'
3-PFLX RECV: started
3-I am recieving '5 49', message of len '5'
3-PFLX RECV: started
3-PFLX RECV ROUTINE: just udp recvd wh result 39
3-PFLX RECV ROUTINE: recreating message from frame
3-PFLX RECV ROUTINE: entering main logic
3-PFLX RECV ROUTINE: recieved an ack from 10 for message ID 50
3-PFLX RECV ROUTINE: ACK is non-consequent, adding to set
3-PFLX RECV ROUTINE: just udp recvd wh result 39
3-PFLX RECV ROUTINE: recreating message from frame
3-PFLX RECV ROUTINE: entering main logic
3-PFLX RECV ROUTINE: recieved an ack from 10 for message ID 51
3-PFLX RECV ROUTINE: ACK is non-consequent, adding to set
3-PFLX RECV ROUTINE: just udp recvd wh result 39
3-PFLX RECV ROUTINE: recreating message from frame
3-PFLX RECV ROUTINE: entering main logic
3-PFLX RECV ROUTINE: recieved an ack from 10 for message ID 52
3-PFLX RECV ROUTINE: ACK is non-consequent, adding to set
3-PFLX RECV ROUTINE: just udp recvd wh result 39
3-PFLX RECV ROUTINE: recreating message from frame
3-PFLX RECV ROUTINE: entering main logic
3-PFLX RECV ROUTINE: recieved an ack from 10 for message ID 53
3-PFLX RECV ROUTINE: ACK is non-consequent, adding to set
3-PFLX RECV ROUTINE: just udp recvd wh result 39
3-PFLX RECV ROUTINE: recreating message from frame
3-PFLX RECV ROUTINE: entering main logic
3-PFLX RECV ROUTINE: recieved an ack from 10 for message ID 54
3-PFLX RECV ROUTINE: ACK is non-consequent, adding to set
3-PFLX RECV ROUTINE: just udp recvd wh result 39
3-PFLX RECV ROUTINE: recreating message from frame
3-PFLX RECV ROUTINE: entering main logic
3-PFLX RECV ROUTINE: recieved an ack from 10 for message ID 55
3-PFLX RECV ROUTINE: ACK is non-consequent, adding to set
3-PFLX RECV ROUTINE: just udp recvd wh result 39
3-PFLX RECV ROUTINE: recreating message from frame
3-PFLX RECV ROUTINE: entering main logic
3-PFLX RECV ROUTINE: recieved an ack from 10 for message ID 56
3-PFLX RECV ROUTINE: ACK is non-consequent, adding to set
3-PFLX RECV ROUTINE: just udp recvd wh result 39
3-PFLX RECV ROUTINE: recreating message from frame
3-PFLX RECV ROUTINE: entering main logic
3-PFLX RECV ROUTINE: recieved an ack from 10 for message ID 57
3-PFLX RECV ROUTINE: ACK is non-consequent, adding to set
3-PFLX RECV ROUTINE: just udp recvd wh result 39
3-PFLX RECV ROUTINE: recreating message from frame
3-PFLX RECV ROUTINE: entering main logic
3-PFLX RECV ROUTINE: recieved an ack from 10 for message ID 58
3-PFLX RECV ROUTINE: ACK is non-consequent, adding to set
3-PFLX RECV ROUTINE: just udp recvd wh result 39
3-PFLX RECV ROUTINE: recreating message from frame
3-PFLX RECV ROUTINE: entering main logic
3-PFLX RECV ROUTINE: recieved an ack from 10 for message ID 59
3-PFLX RECV ROUTINE: ACK is non-consequent, adding to set
3-PFLX RECV ROUTINE: just udp recvd wh result 39
3-PFLX RECV ROUTINE: recreating message from frame
3-PFLX RECV ROUTINE: entering main logic
3-PFLX RECV ROUTINE: recieved an ack from 10 for message ID 64
3-PFLX RECV ROUTINE: ACK is non-consequent, adding to set
3-PFLX RECV ROUTINE: just udp recvd wh result 39
3-PFLX RECV ROUTINE: recreating message from frame
3-PFLX RECV ROUTINE: entering main logic
3-PFLX RECV ROUTINE: recieved an ack from 10 for message ID 65
3-PFLX RECV ROUTINE: ACK is non-consequent, adding to set
3-PFLX SEND ROUTINE: pushing into upQueue '5 58'
3-I am recieving '5 58', message of len '5'
3-PFLX RECV: started
3-PFLX SEND ROUTINE: pushing into upQueue '5 59'
3-I am recieving '5 59', message of len '5'
3-PFLX RECV: started
3-PFLX RECV ROUTINE: just udp recvd wh result 39
3-PFLX RECV ROUTINE: recreating message from frame
3-PFLX RECV ROUTINE: entering main logic
3-PFLX RECV ROUTINE: recieved an ack from 10 for message ID 66
3-PFLX RECV ROUTINE: ACK is non-consequent, adding to set
3-PFLX RECV ROUTINE: just udp recvd wh result 39
3-PFLX RECV ROUTINE: recreating message from frame
3-PFLX RECV ROUTINE: entering main logic
3-PFLX RECV ROUTINE: recieved an ack from 10 for message ID 67
3-PFLX RECV ROUTINE: ACK is non-consequent, adding to set
3-PFLX RECV ROUTINE: just udp recvd wh result 38
3-PFLX RECV ROUTINE: recreating message from frame
3-PFLX RECV ROUTINE: entering main logic
3-PFLX RECV ROUTINE: recieved an ack from 10 for message ID 3
3-PFLX RECV ROUTINE: ACK is non-consequent, adding to set
3-PFLX RECV ROUTINE: just udp recvd wh result 39
3-PFLX RECV ROUTINE: recreating message from frame
3-PFLX RECV ROUTINE: entering main logic
3-PFLX RECV ROUTINE: recieved an ack from 10 for message ID 68
3-PFLX RECV ROUTINE: ACK is non-consequent, adding to set
3-PFLX SEND ROUTINE: pushing into upQueue '5 64'
3-I am recieving '5 64', message of len '5'
3-PFLX RECV: started
3-PFLX SEND ROUTINE: pushing into upQueue '5 65'
3-I am recieving '5 65', message of len '5'
3-PFLX RECV: started
3-PFLX SEND ROUTINE: pushing into upQueue '5 66'
3-I am recieving '5 66', message of len '5'
3-PFLX RECV: started
3-PFLX SEND ROUTINE: pushing into upQueue '5 67'
3-I am recieving '5 67', message of len '5'
3-PFLX RECV: started
3-PFLX SEND ROUTINE: pushing into upQueue '5 3'
3-PFLX RECV ROUTINE: just udp recvd wh result 39
3-PFLX RECV ROUTINE: recreating message from frame
3-PFLX RECV ROUTINE: entering main logic
3-PFLX RECV ROUTINE: recieved an ack from 10 for message ID 69
3-PFLX RECV ROUTINE: ACK is non-consequent, adding to set
3-I am recieving '5 3', message of len '4'
3-PFLX RECV: started
3-PFLX SEND ROUTINE: pushing into upQueue '5 68'
3-I am recieving '5 68', message of len '5'
3-PFLX RECV: started
3-PFLX SEND ROUTINE: pushing into upQueue '5 69'
3-I am recieving '5 69', message of len '5'
3-PFLX RECV: started
3-PFLX SEND ROUTINE: pushing into upQueue '5 91'
3-I am recieving '5 91', message of len '5'
3-PFLX RECV: started
3-PFLX RECV ROUTINE: just udp recvd wh result 39
3-PFLX RECV ROUTINE: recreating message from frame
3-PFLX RECV ROUTINE: entering main logic
3-PFLX RECV ROUTINE: recieved an ack from 10 for message ID 92
3-PFLX RECV ROUTINE: ACK is non-consequent, adding to set
3-PFLX RECV ROUTINE: just udp recvd wh result 39
3-PFLX RECV ROUTINE: recreating message from frame
3-PFLX RECV ROUTINE: entering main logic
3-PFLX RECV ROUTINE: recieved an ack from 10 for message ID 93
3-PFLX RECV ROUTINE: ACK is non-consequent, adding to set
3-PFLX RECV ROUTINE: just udp recvd wh result 39
3-PFLX RECV ROUTINE: recreating message from frame
3-PFLX RECV ROUTINE: entering main logic
3-PFLX RECV ROUTINE: recieved an ack from 10 for message ID 94
3-PFLX RECV ROUTINE: ACK is non-consequent, adding to set
3-PFLX RECV ROUTINE: just udp recvd wh result 39
3-PFLX RECV ROUTINE: recreating message from frame
3-PFLX RECV ROUTINE: entering main logic
3-PFLX RECV ROUTINE: recieved an ack from 10 for message ID 95
3-PFLX RECV ROUTINE: ACK is non-consequent, adding to set
3-PFLX RECV ROUTINE: just udp recvd wh result 39
3-PFLX RECV ROUTINE: recreating message from frame
3-PFLX RECV ROUTINE: entering main logic
3-PFLX RECV ROUTINE: recieved an ack from 10 for message ID 96
3-PFLX RECV ROUTINE: ACK is non-consequent, adding to set
3-PFLX RECV ROUTINE: just udp recvd wh result 39
3-PFLX RECV ROUTINE: recreating message from frame
3-PFLX RECV ROUTINE: entering main logic
3-PFLX RECV ROUTINE: recieved an ack from 10 for message ID 97
3-PFLX RECV ROUTINE: ACK is non-consequent, adding to set
3-PFLX RECV ROUTINE: just udp recvd wh result 39
3-PFLX RECV ROUTINE: recreating message from frame
3-PFLX RECV ROUTINE: entering main logic
3-PFLX RECV ROUTINE: recieved an ack from 10 for message ID 98
3-PFLX RECV ROUTINE: ACK is non-consequent, adding to set
3-PFLX RECV ROUTINE: just udp recvd wh result 39
3-PFLX RECV ROUTINE: recreating message from frame
3-PFLX RECV ROUTINE: entering main logic
3-PFLX RECV ROUTINE: recieved an ack from 10 for message ID 99
3-PFLX RECV ROUTINE: ACK is non-consequent, adding to set
3-PFLX RECV ROUTINE: just udp recvd wh result 40
3-PFLX RECV ROUTINE: recreating message from frame
3-PFLX RECV ROUTINE: entering main logic
3-PFLX RECV ROUTINE: recieved an ack from 10 for message ID 100
3-PFLX RECV ROUTINE: ACK is non-consequent, adding to set
3-PFLX RECV ROUTINE: just udp recvd wh result 38
3-PFLX RECV ROUTINE: recreating message from frame
3-PFLX RECV ROUTINE: entering main logic
3-PFLX RECV ROUTINE: recieved an ack from 10 for message ID 8
3-PFLX RECV ROUTINE: ACK is non-consequent, adding to set
3-PFLX RECV ROUTINE: just udp recvd wh result 38
3-PFLX RECV ROUTINE: recreating message from frame
3-PFLX RECV ROUTINE: entering main logic
3-PFLX RECV ROUTINE: recieved an ack from 10 for message ID 9
3-PFLX RECV ROUTINE: ACK is non-consequent, adding to set
3-PFLX SEND ROUTINE: pushing into upQueue '5 50'
3-I am recieving '5 50', message of len '5'
3-PFLX RECV: started
3-PFLX SEND ROUTINE: pushing into upQueue '5 51'
3-I am recieving '5 51', message of len '5'
3-PFLX RECV: started
3-PFLX SEND ROUTINE: pushing into upQueue '5 52'
3-I am recieving '5 52', message of len '5'
3-PFLX RECV: started
3-PFLX SEND ROUTINE: pushing into upQueue '5 53'
3-I am recieving '5 53', message of len '5'
3-PFLX RECV: started
3-PFLX SEND ROUTINE: pushing into upQueue '5 54'
3-I am recieving '5 54', message of len '5'
3-PFLX RECV: started
3-PFLX RECV ROUTINE: just udp recvd wh result 39
3-PFLX RECV ROUTINE: recreating message from frame
3-PFLX RECV ROUTINE: entering main logic
3-PFLX RECV ROUTINE: recieved an ack from 10 for message ID 10
3-PFLX RECV ROUTINE: ACK is non-consequent, adding to set
3-PFLX SEND ROUTINE: pushing into upQueue '5 55'
3-I am recieving '5 55', message of len '5'
3-PFLX RECV: started
3-PFLX SEND ROUTINE: pushing into upQueue '5 56'
3-I am recieving '5 56', message of len '5'
3-PFLX RECV: started
3-PFLX SEND ROUTINE: pushing into upQueue '5 57'
3-I am recieving '5 57', message of len '5'
3-PFLX RECV: started
3-PFLX RECV ROUTINE: just udp recvd wh result 39
3-PFLX RECV ROUTINE: recreating message from frame
3-PFLX RECV ROUTINE: entering main logic
3-PFLX RECV ROUTINE: recieved an ack from 10 for message ID 36
3-PFLX RECV ROUTINE: ACK is non-consequent, adding to set
3-PFLX RECV ROUTINE: just udp recvd wh result 39
3-PFLX RECV ROUTINE: recreating message from frame
3-PFLX RECV ROUTINE: entering main logic
3-PFLX RECV ROUTINE: recieved an ack from 10 for message ID 37
3-PFLX RECV ROUTINE: ACK is non-consequent, adding to set
3-PFLX SEND ROUTINE: pushing into upQueue '5 92'
3-I am recieving '5 92', message of len '5'
3-PFLX RECV: started
3-PFLX SEND ROUTINE: pushing into upQueue '5 93'
3-PFLX RECV ROUTINE: just udp recvd wh result 39
3-PFLX RECV ROUTINE: recreating message from frame
3-PFLX RECV ROUTINE: entering main logic
3-PFLX RECV ROUTINE: recieved an ack from 10 for message ID 38
3-PFLX RECV ROUTINE: ACK is non-consequent, adding to set
3-I am recieving '5 93', message of len '5'
3-PFLX RECV: started
3-PFLX SEND ROUTINE: pushing into upQueue '5 94'
3-I am recieving '5 94', message of len '5'
3-PFLX RECV: started
3-PFLX SEND ROUTINE: pushing into upQueue '5 95'
3-I am recieving '5 95', message of len '5'
3-PFLX RECV: started
3-PFLX SEND ROUTINE: pushing into upQueue '5 96'
3-I am recieving '5 96', message of len '5'
3-PFLX RECV: started
3-PFLX RECV ROUTINE: just udp recvd wh result 39
3-PFLX RECV ROUTINE: recreating message from frame
3-PFLX RECV ROUTINE: entering main logic
3-PFLX RECV ROUTINE: recieved an ack from 10 for message ID 39
3-PFLX RECV ROUTINE: ACK is non-consequent, adding to set
3-PFLX SEND ROUTINE: pushing into upQueue '5 97'
3-I am recieving '5 97', message of len '5'
3-PFLX RECV: started
3-PFLX SEND ROUTINE: pushing into upQueue '5 98'
3-I am recieving '5 98', message of len '5'
3-PFLX RECV: started
3-PFLX SEND ROUTINE: pushing into upQueue '5 99'
3-I am recieving '5 99', message of len '5'
3-PFLX RECV: started
3-PFLX SEND ROUTINE: pushing into upQueue '5 100'
3-I am recieving '5 100', message of len '6'
3-PFLX RECV: started
3-PFLX SEND ROUTINE: pushing into upQueue '5 8'
3-I am recieving '5 8', message of len '4'
3-PFLX RECV: started
3-PFLX RECV ROUTINE: just udp recvd wh result 38
3-PFLX RECV ROUTINE: recreating message from frame
3-PFLX RECV ROUTINE: entering main logic
3-PFLX RECV ROUTINE: recieved an ack from 10 for message ID 2
3-PFLX RECV ROUTINE: ACK matches expected consequent, updating
3-PFLX SEND ROUTINE: pushing into upQueue '5 9'
3-I am recieving '5 9', message of len '4'
3-PFLX RECV: started
3-PFLX SEND ROUTINE: pushing into upQueue '5 10'
3-I am recieving '5 10', message of len '5'
3-PFLX RECV: started
3-PFLX SEND ROUTINE: pushing into upQueue '5 36'
3-I am recieving '5 36', message of len '5'
3-PFLX RECV: started
3-PFLX SEND ROUTINE: pushing into upQueue '5 37'
3-I am recieving '5 37', message of len '5'
3-PFLX RECV: started
3-PFLX SEND ROUTINE: pushing into upQueue '5 38'
3-I am recieving '5 38', message of len '5'
3-PFLX RECV: started
3-PFLX SEND ROUTINE: pushing into upQueue '5 39'
3-I am recieving '5 39', message of len '5'
3-PFLX RECV: started
3-PFLX SEND ROUTINE: pushing into upQueue '5 2'
3-I am recieving '5 2', message of len '4'
3-PFLX RECV: started
3-PFLX RECV ROUTINE: just udp recvd wh result 39
3-PFLX RECV ROUTINE: recreating message from frame
3-PFLX RECV ROUTINE: entering main logic
3-PFLX RECV ROUTINE: recieved an ack from 10 for message ID 57
3-PFLX RECV ROUTINE: ACK is non-consequent, adding to set
3-PFLX RECV ROUTINE: just udp recvd wh result 39
3-PFLX RECV ROUTINE: recreating message from frame
3-PFLX RECV ROUTINE: entering main logic
3-PFLX RECV ROUTINE: recieved an ack from 10 for message ID 92
3-PFLX RECV ROUTINE: ACK is non-consequent, adding to set
3-PFLX RECV ROUTINE: just udp recvd wh result 39
3-PFLX RECV ROUTINE: recreating message from frame
3-PFLX RECV ROUTINE: entering main logic
3-PFLX RECV ROUTINE: recieved an ack from 10 for message ID 93
3-PFLX RECV ROUTINE: ACK is non-consequent, adding to set
3-PFLX RECV ROUTINE: just udp recvd wh result 39
3-PFLX RECV ROUTINE: recreating message from frame
3-PFLX RECV ROUTINE: entering main logic
3-PFLX RECV ROUTINE: recieved an ack from 10 for message ID 94
3-PFLX RECV ROUTINE: ACK is non-consequent, adding to set
3-PFLX RECV ROUTINE: just udp recvd wh result 39
3-PFLX RECV ROUTINE: recreating message from frame
3-PFLX RECV ROUTINE: entering main logic
3-PFLX RECV ROUTINE: recieved an ack from 10 for message ID 95
3-PFLX RECV ROUTINE: ACK is non-consequent, adding to set
3-PFLX RECV ROUTINE: just udp recvd wh result 39
3-PFLX RECV ROUTINE: recreating message from frame
3-PFLX RECV ROUTINE: entering main logic
3-PFLX RECV ROUTINE: recieved an ack from 10 for message ID 96
3-PFLX RECV ROUTINE: ACK is non-consequent, adding to set
3-PFLX RECV ROUTINE: just udp recvd wh result 39
3-PFLX RECV ROUTINE: recreating message from frame
3-PFLX RECV ROUTINE: entering main logic
3-PFLX RECV ROUTINE: recieved an ack from 10 for message ID 97
3-PFLX RECV ROUTINE: ACK is non-consequent, adding to set
3-PFLX RECV ROUTINE: just udp recvd wh result 39
3-PFLX RECV ROUTINE: recreating message from frame
3-PFLX RECV ROUTINE: entering main logic
3-PFLX RECV ROUTINE: recieved an ack from 10 for message ID 98
3-PFLX RECV ROUTINE: ACK is non-consequent, adding to set
3-PFLX RECV ROUTINE: just udp recvd wh result 38
3-PFLX RECV ROUTINE: recreating message from frame
3-PFLX RECV ROUTINE: entering main logic
3-PFLX RECV ROUTINE: recieved an ack from 10 for message ID 2
3-PFLX RECV ROUTINE: just udp recvd wh result 39
3-PFLX RECV ROUTINE: recreating message from frame
3-PFLX RECV ROUTINE: entering main logic
3-PFLX RECV ROUTINE: recieved an ack from 10 for message ID 40
3-PFLX RECV ROUTINE: ACK is non-consequent, adding to set
3-PFLX SEND ROUTINE: pushing into upQueue '5 40'
3-I am recieving '5 40', message of len '5'
3-PFLX RECV: started
3-PFLX RECV ROUTINE: just udp recvd wh result 39
3-PFLX RECV ROUTINE: recreating message from frame
3-PFLX RECV ROUTINE: entering main logic
3-PFLX RECV ROUTINE: recieved an ack from 10 for message ID 40
3-PFLX RECV ROUTINE: ACK is non-consequent, adding to set
3-PFLX RECV ROUTINE: just udp recvd wh result 39
3-PFLX RECV ROUTINE: recreating message from frame
3-PFLX RECV ROUTINE: entering main logic
3-PFLX RECV ROUTINE: recieved an ack from 10 for message ID 60
3-PFLX RECV ROUTINE: ACK is non-consequent, adding to set
3-PFLX RECV ROUTINE: just udp recvd wh result 39
3-PFLX RECV ROUTINE: recreating message from frame
3-PFLX RECV ROUTINE: entering main logic
3-PFLX RECV ROUTINE: recieved an ack from 10 for message ID 61
3-PFLX RECV ROUTINE: ACK is non-consequent, adding to set
3-PFLX RECV ROUTINE: just udp recvd wh result 39
3-PFLX RECV ROUTINE: recreating message from frame
3-PFLX RECV ROUTINE: entering main logic
3-PFLX RECV ROUTINE: recieved an ack from 10 for message ID 62
3-PFLX RECV ROUTINE: ACK is non-consequent, adding to set
3-PFLX RECV ROUTINE: just udp recvd wh result 39
3-PFLX RECV ROUTINE: recreating message from frame
3-PFLX RECV ROUTINE: entering main logic
3-PFLX RECV ROUTINE: recieved an ack from 10 for message ID 63
3-PFLX RECV ROUTINE: ACK is non-consequent, adding to set
3-PFLX RECV ROUTINE: just udp recvd wh result 39
3-PFLX RECV ROUTINE: recreating message from frame
3-PFLX RECV ROUTINE: entering main logic
3-PFLX RECV ROUTINE: recieved an ack from 10 for message ID 79
3-PFLX RECV ROUTINE: ACK is non-consequent, adding to set
3-PFLX SEND ROUTINE: pushing into upQueue '5 60'
3-I am recieving '5 60', message of len '5'
3-PFLX RECV: started
3-PFLX SEND ROUTINE: pushing into upQueue '5 61'
3-I am recieving '5 61', message of len '5'
3-PFLX RECV: started
3-PFLX RECV ROUTINE: just udp recvd wh result 39
3-PFLX RECV ROUTINE: recreating message from frame
3-PFLX RECV ROUTINE: entering main logic
3-PFLX RECV ROUTINE: recieved an ack from 10 for message ID 80
3-PFLX RECV ROUTINE: ACK is non-consequent, adding to set
3-PFLX SEND ROUTINE: pushing into upQueue '5 62'
3-I am recieving '5 62', message of len '5'
3-PFLX RECV: started
3-PFLX SEND ROUTINE: pushing into upQueue '5 63'
3-I am recieving '5 63', message of len '5'
3-PFLX RECV: started
3-PFLX SEND ROUTINE: pushing into upQueue '5 79'
3-PFLX RECV ROUTINE: just udp recvd wh result 39
3-I am recieving '5 79', message of len '5'
3-PFLX RECV ROUTINE: recreating message from frame
3-PFLX RECV: started
3-PFLX RECV ROUTINE: entering main logic
3-PFLX RECV ROUTINE: recieved an ack from 10 for message ID 81
3-PFLX RECV ROUTINE: ACK is non-consequent, adding to set
3-PFLX SEND ROUTINE: pushing into upQueue '5 80'
3-I am recieving '5 80', message of len '5'
3-PFLX RECV: started
3-PFLX SEND ROUTINE: pushing into upQueue '5 81'
3-I am recieving '5 81', message of len '5'
3-PFLX RECV: started
3-PFLX RECV ROUTINE: just udp recvd wh result 39
3-PFLX RECV ROUTINE: recreating message from frame
3-PFLX RECV ROUTINE: entering main logic
3-PFLX RECV ROUTINE: recieved an ack from 10 for message ID 82
3-PFLX RECV ROUTINE: ACK is non-consequent, adding to set
3-PFLX SEND ROUTINE: pushing into upQueue '5 82'
3-I am recieving '5 82', message of len '5'
3-PFLX RECV: started
3-PFLX RECV ROUTINE: just udp recvd wh result 39
3-PFLX RECV ROUTINE: recreating message from frame
3-PFLX RECV ROUTINE: entering main logic
3-PFLX RECV ROUTINE: recieved an ack from 10 for message ID 83
3-PFLX RECV ROUTINE: ACK is non-consequent, adding to set
3-PFLX RECV ROUTINE: just udp recvd wh result 39
3-PFLX RECV ROUTINE: recreating message from frame
3-PFLX RECV ROUTINE: entering main logic
3-PFLX RECV ROUTINE: recieved an ack from 10 for message ID 84
3-PFLX RECV ROUTINE: ACK is non-consequent, adding to set
3-PFLX SEND ROUTINE: pushing into upQueue '5 83'
3-I am recieving '5 83', message of len '5'
3-PFLX RECV: started
3-PFLX SEND ROUTINE: pushing into upQueue '5 84'
3-I am recieving '5 84', message of len '5'
3-PFLX RECV: started
3-PFLX RECV ROUTINE: just udp recvd wh result 38
3-PFLX RECV ROUTINE: recreating message from frame
3-PFLX RECV ROUTINE: entering main logic
3-PFLX RECV ROUTINE: recieved an ack from 10 for message ID 6
3-PFLX RECV ROUTINE: ACK matches expected consequent, updating
3-PFLX SEND ROUTINE: pushing into upQueue '5 6'
3-I am recieving '5 6', message of len '4'
3-PFLX RECV: started
3-PFLX RECV ROUTINE: just udp recvd wh result 38
3-PFLX RECV ROUTINE: recreating message from frame
3-PFLX RECV ROUTINE: entering main logic
3-PFLX RECV ROUTINE: recieved an ack from 10 for message ID 7
3-PFLX RECV ROUTINE: ACK matches expected consequent, updating
3-PFLX SEND ROUTINE: pushing into upQueue '5 7'
3-I am recieving '5 7', message of len '4'
3-PFLX SEND ROUTINE: shutdown sentinel received, exiting
3-PFLX RECV ROUTINE: just udp recvd wh result 39
3-PFLX RECV ROUTINE: recreating message from frame
3-PFLX RECV ROUTINE: entering main logic
3-PFLX RECV ROUTINE: recieved an ack from 10 for message ID 40
3-PFLX RECV ROUTINE: stop requested, exiting
loop finished!
main has finished
