
My PID: 202772
From a new terminal type `kill -SIGINT 202772` or `kill -SIGTERM 202772` to stop processing packets

My ID: 3

List of resolved hosts is:
==========================
1
Human-readable IP: localhost
Machine-readable IP: 4294967295
Human-readable Port: 11001
Machine-readable Port: 63786

2
Human-readable IP: localhost
Machine-readable IP: 4294967295
Human-readable Port: 11002
Machine-readable Port: 64042

3
Human-readable IP: localhost
Machine-readable IP: 4294967295
Human-readable Port: 11003
Machine-readable Port: 64298

4
Human-readable IP: localhost
Machine-readable IP: 4294967295
Human-readable Port: 11004
Machine-readable Port: 64554

5
Human-readable IP: localhost
Machine-readable IP: 4294967295
Human-readable Port: 11005
Machine-readable Port: 64810

6
Human-readable IP: localhost
Machine-readable IP: 4294967295
Human-readable Port: 11006
Machine-readable Port: 65066

7
Human-readable IP: localhost
Machine-readable IP: 4294967295
Human-readable Port: 11007
Machine-readable Port: 65322

8
Human-readable IP: localhost
Machine-readable IP: 4294967295
Human-readable Port: 11008
Machine-readable Port: 43

9
Human-readable IP: localhost
Machine-readable IP: 4294967295
Human-readable Port: 11009
Machine-readable Port: 299

10
Human-readable IP: localhost
Machine-readable IP: 4294967295
Human-readable Port: 11010
Machine-readable Port: 555


Path to output:
===============
/home/ygifoom/epfl/da/CS451-2025-project/template_cpp/output/proc_3.output

Path to config:
===============
/home/ygifoom/epfl/da/CS451-2025-project/example/configs/perfect-links.config

Doing some initialization...

Broadcasting and delivering messages...

initializing node....
node initialized!
starting loop
3-PFLX SEND: I am sending '3 1', message of len '4' to process: 10
3-PFLX SEND: I am sending '3 2', message of len '4' to process: 10
3-PFLX SEND: I am sending '3 3', message of len '4' to process: 10
3-PFLX SEND: I am sending '3 4', message of len '4' to process: 10
3-PFLX SEND: I am sending '3 5', message of len '4' to process: 10
3-PFLX SEND: I am sending '3 6', message of len '4' to process: 10
3-PFLX SEND: I am sending '3 7', message of len '4' to process: 10
3-PFLX SEND: I am sending '3 8', message of len '4' to process: 10
3-PFLX SEND: I am sending '3 9', message of len '4' to process: 10
3-PFLX SEND: I am sending '3 10', message of len '5' to process: 10
3-PFLX SEND: I am sending '3 11', message of len '5' to process: 10
3-PFLX SEND: I am sending '3 12', message of len '5' to process: 10
3-PFLX SEND: I am sending '3 13', message of len '5' to process: 10
3-PFLX SEND: I am sending '3 14', message of len '5' to process: 10
3-PFLX SEND: I am sending '3 15', message of len '5' to process: 10
3-PFLX SEND: I am sending '3 16', message of len '5' to process: 10
3-PFLX SEND: I am sending '3 17', message of len '5' to process: 10
3-PFLX SEND: I am sending '3 18', message of len '5' to process: 10
3-PFLX SEND: I am sending '3 19', message of len '5' to process: 10
3-PFLX SEND: I am sending '3 20', message of len '5' to process: 10
3-PFLX SEND: I am sending '3 21', message of len '5' to process: 10
3-PFLX SEND: I am sending '3 22', message of len '5' to process: 10
3-PFLX SEND: I am sending '3 23', message of len '5' to process: 10
3-PFLX SEND: I am sending '3 24', message of len '5' to process: 10
3-PFLX SEND: I am sending '3 25', message of len '5' to process: 10
3-PFLX SEND: I am sending '3 26', message of len '5' to process: 10
3-PFLX SEND: I am sending '3 27', message of len '5' to process: 10
3-PFLX SEND: I am sending '3 28', message of len '5' to process: 10
3-PFLX SEND: I am sending '3 29', message of len '5' to process: 10
3-PFLX SEND: I am sending '3 30', message of len '5' to process: 10
3-PFLX SEND: I am sending '3 31', message of len '5' to process: 10
3-PFLX SEND: I am sending '3 32', message of len '5' to process: 10
3-PFLX SEND: I am sending '3 33', message of len '5' to process: 10
3-PFLX SEND: I am sending '3 34', message of len '5' to process: 10
3-PFLX SEND: I am sending '3 35', message of len '5' to process: 10
3-PFLX SEND: I am sending '3 36', message of len '5' to process: 10
3-PFLX SEND: I am sending '3 37', message of len '5' to process: 10
3-PFLX SEND: I am sending '3 38', message of len '5' to process: 10
3-PFLX SEND: I am sending '3 39', message of len '5' to process: 10
3-PFLX SEND: I am sending '3 40', message of len '5' to process: 10
3-PFLX SEND: I am sending '3 41', message of len '5' to process: 10
3-PFLX SEND: I am sending '3 42', message of len '5' to process: 10
3-PFLX SEND: I am sending '3 43', message of len '5' to process: 10
3-PFLX SEND: I am sending '3 44', message of len '5' to process: 10
3-PFLX SEND: I am sending '3 45', message of len '5' to process: 10
3-PFLX SEND: I am sending '3 46', message of len '5' to process: 10
3-PFLX SEND: I am sending '3 47', message of len '5' to process: 10
3-PFLX SEND: I am sending '3 48', message of len '5' to process: 10
3-PFLX SEND: I am sending '3 49', message of len '5' to process: 10
3-PFLX SEND: I am sending '3 50', message of len '5' to process: 10
3-PFLX SEND: I am sending '3 51', message of len '5' to process: 10
3-PFLX SEND: I am sending '3 52', message of len '5' to process: 10
3-PFLX SEND: I am sending '3 53', message of len '5' to process: 10
3-PFLX SEND: I am sending '3 54', message of len '5' to process: 10
3-PFLX SEND: I am sending '3 55', message of len '5' to process: 10
3-PFLX SEND: I am sending '3 56', message of len '5' to process: 10
3-PFLX SEND: I am sending '3 57', message of len '5' to process: 10
3-PFLX SEND: I am sending '3 58', message of len '5' to process: 10
3-PFLX SEND: I am sending '3 59', message of len '5' to process: 10
3-PFLX SEND: I am sending '3 60', message of len '5' to process: 10
3-PFLX SEND: I am sending '3 61', message of len '5' to process: 10
3-PFLX SEND: I am sending '3 62', message of len '5' to process: 10
3-PFLX SEND: I am sending '3 63', message of len '5' to process: 10
3-PFLX SEND: I am sending '3 64', message of len '5' to process: 10
3-PFLX SEND: I am sending '3 65', message of len '5' to process: 10
3-PFLX SEND: I am sending '3 66', message of len '5' to process: 10
3-PFLX SEND: I am sending '3 67', message of len '5' to process: 10
3-PFLX SEND: I am sending '3 68', message of len '5' to process: 10
3-PFLX SEND: I am sending '3 69', message of len '5' to process: 10
3-PFLX SEND: I am sending '3 70', message of len '5' to process: 10
3-PFLX SEND: I am sending '3 71', message of len '5' to process: 10
3-PFLX SEND: I am sending '3 72', message of len '5' to process: 10
3-PFLX SEND: I am sending '3 73', message of len '5' to process: 10
3-PFLX SEND: I am sending '3 74', message of len '5' to process: 10
3-PFLX SEND: I am sending '3 75', message of len '5' to process: 10
3-PFLX SEND: I am sending '3 76', message of len '5' to process: 10
3-PFLX SEND: I am sending '3 77', message of len '5' to process: 10
3-PFLX SEND: I am sending '3 78', message of len '5' to process: 10
3-PFLX SEND: I am sending '3 79', message of len '5' to process: 10
3-PFLX SEND: I am sending '3 80', message of len '5' to process: 10
3-PFLX SEND: I am sending '3 81', message of len '5' to process: 10
3-PFLX SEND: I am sending '3 82', message of len '5' to process: 10
3-PFLX SEND: I am sending '3 83', message of len '5' to process: 10
3-PFLX SEND: I am sending '3 84', message of len '5' to process: 10
3-PFLX SEND: I am sending '3 85', message of len '5' to process: 10
3-PFLX SEND: I am sending '3 86', message of len '5' to process: 10
3-PFLX SEND: I am sending '3 87', message of len '5' to process: 10
3-PFLX SEND: I am sending '3 88', message of len '5' to process: 10
3-PFLX SEND: I am sending '3 89', message of len '5' to process: 10
3-PFLX SEND: I am sending '3 90', message of len '5' to process: 10
3-PFLX SEND: I am sending '3 91', message of len '5' to process: 10
3-PFLX SEND: I am sending '3 92', message of len '5' to process: 10
3-PFLX SEND: I am sending '3 93', message of len '5' to process: 10
3-PFLX SEND: I am sending '3 94', message of len '5' to process: 10
3-PFLX SEND: I am sending '3 95', message of len '5' to process: 10
3-PFLX SEND: I am sending '3 96', message of len '5' to process: 10
3-PFLX SEND: I am sending '3 97', message of len '5' to process: 10
3-PFLX SEND: I am sending '3 98', message of len '5' to process: 10
3-PFLX SEND: I am sending '3 99', message of len '5' to process: 10
3-PFLX SEND: I am sending '3 100', message of len '6' to process: 10
3-PFLX RECV: started
3-PFLX RECV ROUTINE: just udp recvd wh result 39
3-PFLX RECV ROUTINE: recreating message from frame
3-PFLX RECV ROUTINE: entering main logic
3-PFLX RECV ROUTINE: recieved an ack from 10 for message ID 33
3-PFLX RECV ROUTINE: ACK is non-consequent, adding to set
3-PFLX RECV ROUTINE: just udp recvd wh result 39
3-PFLX RECV ROUTINE: recreating message from frame
3-PFLX RECV ROUTINE: entering main logic
3-PFLX RECV ROUTINE: recieved an ack from 10 for message ID 34
3-PFLX RECV ROUTINE: ACK is non-consequent, adding to set
3-PFLX RECV ROUTINE: just udp recvd wh result 39
3-PFLX RECV ROUTINE: recreating message from frame
3-PFLX RECV ROUTINE: entering main logic
3-PFLX RECV ROUTINE: recieved an ack from 10 for message ID 35
3-PFLX RECV ROUTINE: ACK is non-consequent, adding to set
3-PFLX RECV ROUTINE: just udp recvd wh result 39
3-PFLX RECV ROUTINE: recreating message from frame
3-PFLX RECV ROUTINE: entering main logic
3-PFLX RECV ROUTINE: recieved an ack from 10 for message ID 36
3-PFLX RECV ROUTINE: ACK is non-consequent, adding to set
3-PFLX RECV ROUTINE: just udp recvd wh result 38
3-PFLX RECV ROUTINE: recreating message from frame
3-PFLX RECV ROUTINE: entering main logic
3-PFLX RECV ROUTINE: recieved an ack from 10 for message ID 2
3-PFLX RECV ROUTINE: ACK is non-consequent, adding to set
3-PFLX RECV ROUTINE: just udp recvd wh result 39
3-PFLX RECV ROUTINE: recreating message from frame
3-PFLX RECV ROUTINE: entering main logic
3-PFLX RECV ROUTINE: recieved an ack from 10 for message ID 37
3-PFLX RECV ROUTINE: ACK is non-consequent, adding to set
3-PFLX RECV ROUTINE: just udp recvd wh result 39
3-PFLX RECV ROUTINE: recreating message from frame
3-PFLX RECV ROUTINE: entering main logic
3-PFLX RECV ROUTINE: recieved an ack from 10 for message ID 38
3-PFLX RECV ROUTINE: ACK is non-consequent, adding to set
3-PFLX RECV ROUTINE: just udp recvd wh result 39
3-PFLX RECV ROUTINE: recreating message from frame
3-PFLX RECV ROUTINE: entering main logic
3-PFLX RECV ROUTINE: recieved an ack from 10 for message ID 39
3-PFLX RECV ROUTINE: ACK is non-consequent, adding to set
3-PFLX RECV ROUTINE: just udp recvd wh result 39
3-PFLX RECV ROUTINE: recreating message from frame
3-PFLX RECV ROUTINE: entering main logic
3-PFLX RECV ROUTINE: recieved an ack from 10 for message ID 40
3-PFLX RECV ROUTINE: ACK is non-consequent, adding to set
3-PFLX RECV ROUTINE: just udp recvd wh result 39
3-PFLX RECV ROUTINE: recreating message from frame
3-PFLX RECV ROUTINE: entering main logic
3-PFLX RECV ROUTINE: recieved an ack from 10 for message ID 41
3-PFLX RECV ROUTINE: ACK is non-consequent, adding to set
3-PFLX RECV ROUTINE: just udp recvd wh result 39
3-PFLX RECV ROUTINE: recreating message from frame
3-PFLX RECV ROUTINE: entering main logic
3-PFLX RECV ROUTINE: recieved an ack from 10 for message ID 42
3-PFLX RECV ROUTINE: ACK is non-consequent, adding to set
3-PFLX RECV ROUTINE: just udp recvd wh result 39
3-PFLX RECV ROUTINE: recreating message from frame
3-PFLX RECV ROUTINE: entering main logic
3-PFLX RECV ROUTINE: recieved an ack from 10 for message ID 43
3-PFLX RECV ROUTINE: ACK is non-consequent, adding to set
3-PFLX RECV ROUTINE: just udp recvd wh result 39
3-PFLX RECV ROUTINE: recreating message from frame
3-PFLX RECV ROUTINE: entering main logic
3-PFLX RECV ROUTINE: recieved an ack from 10 for message ID 44
3-PFLX RECV ROUTINE: ACK is non-consequent, adding to set
3-PFLX RECV ROUTINE: just udp recvd wh result 39
3-PFLX RECV ROUTINE: recreating message from frame
3-PFLX RECV ROUTINE: entering main logic
3-PFLX RECV ROUTINE: recieved an ack from 10 for message ID 45
3-PFLX RECV ROUTINE: ACK is non-consequent, adding to set
3-PFLX RECV ROUTINE: just udp recvd wh result 39
3-PFLX RECV ROUTINE: recreating message from frame
3-PFLX RECV ROUTINE: entering main logic
3-PFLX RECV ROUTINE: recieved an ack from 10 for message ID 46
3-PFLX RECV ROUTINE: ACK is non-consequent, adding to set
3-PFLX RECV ROUTINE: just udp recvd wh result 39
3-PFLX RECV ROUTINE: recreating message from frame
3-PFLX RECV ROUTINE: entering main logic
3-PFLX RECV ROUTINE: recieved an ack from 10 for message ID 47
3-PFLX RECV ROUTINE: ACK is non-consequent, adding to set
3-PFLX RECV ROUTINE: just udp recvd wh result 39
3-PFLX RECV ROUTINE: recreating message from frame
3-PFLX RECV ROUTINE: entering main logic
3-PFLX RECV ROUTINE: recieved an ack from 10 for message ID 48
3-PFLX RECV ROUTINE: ACK is non-consequent, adding to set
3-PFLX RECV ROUTINE: just udp recvd wh result 39
3-PFLX RECV ROUTINE: recreating message from frame
3-PFLX RECV ROUTINE: entering main logic
3-PFLX RECV ROUTINE: recieved an ack from 10 for message ID 49
3-PFLX RECV ROUTINE: ACK is non-consequent, adding to set
3-PFLX RECV ROUTINE: just udp recvd wh result 39
3-PFLX RECV ROUTINE: recreating message from frame
3-PFLX RECV ROUTINE: entering main logic
3-PFLX RECV ROUTINE: recieved an ack from 10 for message ID 50
3-PFLX RECV ROUTINE: ACK is non-consequent, adding to set
3-PFLX RECV ROUTINE: just udp recvd wh result 38
3-PFLX RECV ROUTINE: recreating message from frame
3-PFLX RECV ROUTINE: entering main logic
3-PFLX RECV ROUTINE: recieved an ack from 10 for message ID 3
3-PFLX RECV ROUTINE: ACK is non-consequent, adding to set
3-PFLX RECV ROUTINE: just udp recvd wh result 39
3-PFLX RECV ROUTINE: recreating message from frame
3-PFLX RECV ROUTINE: entering main logic
3-PFLX RECV ROUTINE: recieved an ack from 10 for message ID 51
3-PFLX RECV ROUTINE: ACK is non-consequent, adding to set
3-PFLX RECV ROUTINE: just udp recvd wh result 39
3-PFLX RECV ROUTINE: recreating message from frame
3-PFLX RECV ROUTINE: entering main logic
3-PFLX RECV ROUTINE: recieved an ack from 10 for message ID 52
3-PFLX RECV ROUTINE: ACK is non-consequent, adding to set
3-PFLX RECV ROUTINE: just udp recvd wh result 39
3-PFLX RECV ROUTINE: recreating message from frame
3-PFLX RECV ROUTINE: entering main logic
3-PFLX RECV ROUTINE: recieved an ack from 10 for message ID 53
3-PFLX RECV ROUTINE: ACK is non-consequent, adding to set
3-PFLX RECV ROUTINE: just udp recvd wh result 39
3-PFLX RECV ROUTINE: recreating message from frame
3-PFLX RECV ROUTINE: entering main logic
3-PFLX RECV ROUTINE: recieved an ack from 10 for message ID 54
3-PFLX RECV ROUTINE: ACK is non-consequent, adding to set
3-PFLX SEND ROUTINE: pushing into upQueue '3 33'
3-PFLX SEND ROUTINE: pushing into upQueue '3 34'
3-PFLX SEND ROUTINE: pushing into upQueue '3 35'
3-PFLX RECV ROUTINE: just udp recvd wh result 39
3-PFLX RECV ROUTINE: recreating message from frame
3-PFLX RECV ROUTINE: entering main logic
3-PFLX RECV ROUTINE: recieved an ack from 10 for message ID 55
3-PFLX RECV ROUTINE: ACK is non-consequent, adding to set
3-PFLX SEND ROUTINE: pushing into upQueue '3 36'
3-PFLX SEND ROUTINE: pushing into upQueue '3 2'
3-I am recieving '3 33', message of len '5'
3-PFLX RECV: started
3-I am recieving '3 34', message of len '5'
3-PFLX RECV: started
3-I am recieving '3 35', message of len '5'
3-PFLX RECV: started
3-I am recieving '3 36', message of len '5'
3-PFLX RECV: started
3-I am recieving '3 2', message of len '4'
3-PFLX RECV: started
3-PFLX RECV ROUTINE: just udp recvd wh result 39
3-PFLX RECV ROUTINE: recreating message from frame
3-PFLX RECV ROUTINE: entering main logic
3-PFLX RECV ROUTINE: recieved an ack from 10 for message ID 56
3-PFLX RECV ROUTINE: ACK is non-consequent, adding to set
3-PFLX RECV ROUTINE: just udp recvd wh result 39
3-PFLX RECV ROUTINE: recreating message from frame
3-PFLX RECV ROUTINE: entering main logic
3-PFLX RECV ROUTINE: recieved an ack from 10 for message ID 63
3-PFLX RECV ROUTINE: ACK is non-consequent, adding to set
3-PFLX RECV ROUTINE: just udp recvd wh result 39
3-PFLX RECV ROUTINE: recreating message from frame
3-PFLX RECV ROUTINE: entering main logic
3-PFLX RECV ROUTINE: recieved an ack from 10 for message ID 64
3-PFLX RECV ROUTINE: ACK is non-consequent, adding to set
3-PFLX SEND ROUTINE: pushing into upQueue '3 37'
3-I am recieving '3 37', message of len '5'
3-PFLX RECV: started
3-PFLX SEND ROUTINE: pushing into upQueue '3 38'
3-I am recieving '3 38', message of len '5'
3-PFLX RECV: started
3-PFLX SEND ROUTINE: pushing into upQueue '3 39'
3-I am recieving '3 39', message of len '5'
3-PFLX RECV: started
3-PFLX SEND ROUTINE: pushing into upQueue '3 40'
3-I am recieving '3 40', message of len '5'
3-PFLX RECV: started
3-PFLX SEND ROUTINE: pushing into upQueue '3 41'
3-I am recieving '3 41', message of len '5'
3-PFLX RECV: started
3-PFLX SEND ROUTINE: pushing into upQueue '3 42'
3-I am recieving '3 42', message of len '5'
3-PFLX RECV: started
3-PFLX SEND ROUTINE: pushing into upQueue '3 43'
3-I am recieving '3 43', message of len '5'
3-PFLX RECV: started
3-PFLX SEND ROUTINE: pushing into upQueue '3 44'
3-I am recieving '3 44', message of len '5'
3-PFLX RECV: started
3-PFLX SEND ROUTINE: pushing into upQueue '3 45'
3-I am recieving '3 45', message of len '5'
3-PFLX RECV: started
3-PFLX SEND ROUTINE: pushing into upQueue '3 46'
3-I am recieving '3 46', message of len '5'
3-PFLX RECV: started
3-PFLX SEND ROUTINE: pushing into upQueue '3 47'
3-I am recieving '3 47', message of len '5'
3-PFLX RECV: started
3-PFLX SEND ROUTINE: pushing into upQueue '3 48'
3-PFLX RECV ROUTINE: just udp recvd wh result 39
3-PFLX RECV ROUTINE: recreating message from frame
3-PFLX RECV ROUTINE: entering main logic
3-PFLX RECV ROUTINE: recieved an ack from 10 for message ID 65
3-PFLX RECV ROUTINE: ACK is non-consequent, adding to set
3-PFLX SEND ROUTINE: pushing into upQueue '3 49'
3-PFLX RECV ROUTINE: just udp recvd wh result 38
3-PFLX RECV ROUTINE: recreating message from frame
3-PFLX RECV ROUTINE: entering main logic
3-PFLX RECV ROUTINE: recieved an ack from 10 for message ID 4
3-PFLX RECV ROUTINE: ACK is non-consequent, adding to set
3-PFLX SEND ROUTINE: pushing into upQueue '3 50'
3-I am recieving '3 48', message of len '5'
3-PFLX RECV: started
3-I am recieving '3 49', message of len '5'
3-PFLX RECV: started
3-I am recieving '3 50', message of len '5'
3-PFLX RECV: started
3-PFLX SEND ROUTINE: pushing into upQueue '3 3'
3-PFLX RECV ROUTINE: just udp recvd wh result 39
3-PFLX RECV ROUTINE: recreating message from frame
3-PFLX RECV ROUTINE: entering main logic
3-PFLX RECV ROUTINE: recieved an ack from 10 for message ID 66
3-PFLX RECV ROUTINE: ACK is non-consequent, adding to set
3-I am recieving '3 3', message of len '4'
3-PFLX RECV: started
3-PFLX SEND ROUTINE: pushing into upQueue '3 51'
3-I am recieving '3 51', message of len '5'
3-PFLX RECV: started
3-PFLX RECV ROUTINE: just udp recvd wh result 39
3-PFLX RECV ROUTINE: recreating message from frame
3-PFLX RECV ROUTINE: entering main logic
3-PFLX SEND ROUTINE: pushing into upQueue '3 52'
3-PFLX RECV ROUTINE: recieved an ack from 10 for message ID 67
3-PFLX RECV ROUTINE: ACK is non-consequent, adding to set
3-PFLX SEND ROUTINE: pushing into upQueue '3 53'
3-PFLX RECV ROUTINE: just udp recvd wh result 39
3-PFLX RECV ROUTINE: recreating message from frame
3-PFLX RECV ROUTINE: entering main logic
3-PFLX RECV ROUTINE: recieved an ack from 10 for message ID 68
3-PFLX RECV ROUTINE: ACK is non-consequent, adding to set
3-PFLX SEND ROUTINE: pushing into upQueue '3 54'
3-PFLX RECV ROUTINE: just udp recvd wh result 39
3-PFLX RECV ROUTINE: recreating message from frame
3-PFLX RECV ROUTINE: entering main logic
3-PFLX RECV ROUTINE: recieved an ack from 10 for message ID 89
3-PFLX RECV ROUTINE: ACK is non-consequent, adding to set
3-PFLX SEND ROUTINE: pushing into upQueue '3 55'
3-PFLX RECV ROUTINE: just udp recvd wh result 39
3-PFLX RECV ROUTINE: recreating message from frame
3-PFLX SEND ROUTINE: pushing into upQueue '3 56'
3-PFLX RECV ROUTINE: entering main logic
3-PFLX RECV ROUTINE: recieved an ack from 10 for message ID 90
3-PFLX RECV ROUTINE: ACK is non-consequent, adding to set
3-PFLX RECV ROUTINE: just udp recvd wh result 39
3-PFLX RECV ROUTINE: recreating message from frame
3-PFLX RECV ROUTINE: entering main logic
3-PFLX RECV ROUTINE: recieved an ack from 10 for message ID 91
3-PFLX RECV ROUTINE: ACK is non-consequent, adding to set
3-PFLX RECV ROUTINE: just udp recvd wh result 39
3-PFLX RECV ROUTINE: recreating message from frame
3-PFLX RECV ROUTINE: entering main logic
3-PFLX RECV ROUTINE: recieved an ack from 10 for message ID 92
3-PFLX RECV ROUTINE: ACK is non-consequent, adding to set
3-PFLX RECV ROUTINE: just udp recvd wh result 39
3-PFLX RECV ROUTINE: recreating message from frame
3-PFLX RECV ROUTINE: entering main logic
3-PFLX RECV ROUTINE: recieved an ack from 10 for message ID 93
3-PFLX RECV ROUTINE: ACK is non-consequent, adding to set
3-PFLX SEND ROUTINE: pushing into upQueue '3 63'
3-PFLX SEND ROUTINE: pushing into upQueue '3 64'
3-PFLX SEND ROUTINE: pushing into upQueue '3 65'
3-PFLX SEND ROUTINE: pushing into upQueue '3 4'
3-PFLX SEND ROUTINE: pushing into upQueue '3 66'
3-PFLX SEND ROUTINE: pushing into upQueue '3 67'
3-PFLX SEND ROUTINE: pushing into upQueue '3 68'
3-I am recieving '3 52', message of len '5'
3-PFLX RECV: started
3-I am recieving '3 53', message of len '5'
3-PFLX RECV: started
3-I am recieving '3 54', message of len '5'
3-PFLX RECV: started
3-I am recieving '3 55', message of len '5'
3-PFLX RECV: started
3-I am recieving '3 56', message of len '5'
3-PFLX RECV: started
3-I am recieving '3 63', message of len '5'
3-PFLX RECV: started
3-I am recieving '3 64', message of len '5'
3-PFLX RECV: started
3-I am recieving '3 65', message of len '5'
3-PFLX RECV: started
3-I am recieving '3 4', message of len '4'
3-PFLX RECV: started
3-I am recieving '3 66', message of len '5'
3-PFLX RECV: started
3-I am recieving '3 67', message of len '5'
3-PFLX RECV: started
3-I am recieving '3 68', message of len '5'
3-PFLX RECV: started
3-PFLX RECV ROUTINE: just udp recvd wh result 39
3-PFLX RECV ROUTINE: recreating message from frame
3-PFLX RECV ROUTINE: entering main logic
3-PFLX RECV ROUTINE: recieved an ack from 10 for message ID 94
3-PFLX RECV ROUTINE: ACK is non-consequent, adding to set
3-PFLX RECV ROUTINE: just udp recvd wh result 38
3-PFLX RECV ROUTINE: recreating message from frame
3-PFLX RECV ROUTINE: entering main logic
3-PFLX RECV ROUTINE: recieved an ack from 10 for message ID 6
3-PFLX RECV ROUTINE: ACK is non-consequent, adding to set
3-PFLX RECV ROUTINE: just udp recvd wh result 39
3-PFLX RECV ROUTINE: recreating message from frame
3-PFLX RECV ROUTINE: entering main logic
3-PFLX RECV ROUTINE: recieved an ack from 10 for message ID 95
3-PFLX RECV ROUTINE: ACK is non-consequent, adding to set
3-PFLX RECV ROUTINE: just udp recvd wh result 39
3-PFLX RECV ROUTINE: recreating message from frame
3-PFLX RECV ROUTINE: entering main logic
3-PFLX RECV ROUTINE: recieved an ack from 10 for message ID 96
3-PFLX RECV ROUTINE: ACK is non-consequent, adding to set
3-PFLX RECV ROUTINE: just udp recvd wh result 39
3-PFLX RECV ROUTINE: recreating message from frame
3-PFLX RECV ROUTINE: entering main logic
3-PFLX RECV ROUTINE: recieved an ack from 10 for message ID 97
3-PFLX RECV ROUTINE: ACK is non-consequent, adding to set
3-PFLX RECV ROUTINE: just udp recvd wh result 39
3-PFLX RECV ROUTINE: recreating message from frame
3-PFLX RECV ROUTINE: entering main logic
3-PFLX RECV ROUTINE: recieved an ack from 10 for message ID 98
3-PFLX RECV ROUTINE: ACK is non-consequent, adding to set
3-PFLX RECV ROUTINE: just udp recvd wh result 39
3-PFLX RECV ROUTINE: recreating message from frame
3-PFLX RECV ROUTINE: entering main logic
3-PFLX RECV ROUTINE: recieved an ack from 10 for message ID 12
3-PFLX RECV ROUTINE: ACK is non-consequent, adding to set
3-PFLX RECV ROUTINE: just udp recvd wh result 39
3-PFLX RECV ROUTINE: recreating message from frame
3-PFLX RECV ROUTINE: entering main logic
3-PFLX RECV ROUTINE: recieved an ack from 10 for message ID 13
3-PFLX RECV ROUTINE: ACK is non-consequent, adding to set
3-PFLX RECV ROUTINE: just udp recvd wh result 39
3-PFLX RECV ROUTINE: recreating message from frame
3-PFLX RECV ROUTINE: entering main logic
3-PFLX RECV ROUTINE: recieved an ack from 10 for message ID 14
3-PFLX RECV ROUTINE: ACK is non-consequent, adding to set
3-PFLX SEND ROUTINE: pushing into upQueue '3 89'
3-I am recieving '3 89', message of len '5'
3-PFLX RECV: started
3-PFLX SEND ROUTINE: pushing into upQueue '3 90'
3-I am recieving '3 90', message of len '5'
3-PFLX RECV: started
3-PFLX RECV ROUTINE: just udp recvd wh result 39
3-PFLX RECV ROUTINE: recreating message from frame
3-PFLX RECV ROUTINE: entering main logic
3-PFLX RECV ROUTINE: recieved an ack from 10 for message ID 15
3-PFLX RECV ROUTINE: ACK is non-consequent, adding to set
3-PFLX SEND ROUTINE: pushing into upQueue '3 91'
3-I am recieving '3 91', message of len '5'
3-PFLX RECV: started
3-PFLX SEND ROUTINE: pushing into upQueue '3 92'
3-I am recieving '3 92', message of len '5'
3-PFLX RECV: started
3-PFLX RECV ROUTINE: just udp recvd wh result 39
3-PFLX RECV ROUTINE: recreating message from frame
3-PFLX RECV ROUTINE: entering main logic
3-PFLX RECV ROUTINE: recieved an ack from 10 for message ID 16
3-PFLX RECV ROUTINE: ACK is non-consequent, adding to set
3-PFLX SEND ROUTINE: pushing into upQueue '3 93'
3-I am recieving '3 93', message of len '5'
3-PFLX RECV: started
3-PFLX SEND ROUTINE: pushing into upQueue '3 94'
3-I am recieving '3 94', message of len '5'
3-PFLX RECV: started
3-PFLX SEND ROUTINE: pushing into upQueue '3 6'
3-I am recieving '3 6', message of len '4'
3-PFLX RECV: started
3-PFLX SEND ROUTINE: pushing into upQueue '3 95'
3-PFLX RECV ROUTINE: just udp recvd wh result 39
3-PFLX RECV ROUTINE: recreating message from frame
3-PFLX RECV ROUTINE: entering main logic
3-I am recieving '3 95', message of len '5'
3-PFLX RECV: started
3-PFLX RECV ROUTINE: recieved an ack from 10 for message ID 17
3-PFLX RECV ROUTINE: ACK is non-consequent, adding to set
3-PFLX SEND ROUTINE: pushing into upQueue '3 96'
3-I am recieving '3 96', message of len '5'
3-PFLX RECV: started
3-PFLX SEND ROUTINE: pushing into upQueue '3 97'
3-I am recieving '3 97', message of len '5'
3-PFLX RECV: started
3-PFLX SEND ROUTINE: pushing into upQueue '3 98'
3-I am recieving '3 98', message of len '5'
3-PFLX RECV: started
3-PFLX RECV ROUTINE: just udp recvd wh result 39
3-PFLX RECV ROUTINE: recreating message from frame
3-PFLX RECV ROUTINE: entering main logic
3-PFLX RECV ROUTINE: recieved an ack from 10 for message ID 18
3-PFLX RECV ROUTINE: ACK is non-consequent, adding to set
3-PFLX RECV ROUTINE: just udp recvd wh result 39
3-PFLX RECV ROUTINE: recreating message from frame
3-PFLX RECV ROUTINE: entering main logic
3-PFLX RECV ROUTINE: recieved an ack from 10 for message ID 19
3-PFLX RECV ROUTINE: ACK is non-consequent, adding to set
3-PFLX SEND ROUTINE: pushing into upQueue '3 12'
3-I am recieving '3 12', message of len '5'
3-PFLX RECV: started
3-PFLX SEND ROUTINE: pushing into upQueue '3 13'
3-I am recieving '3 13', message of len '5'
3-PFLX RECV: started
3-PFLX SEND ROUTINE: pushing into upQueue '3 14'
3-I am recieving '3 14', message of len '5'
3-PFLX RECV: started
3-PFLX SEND ROUTINE: pushing into upQueue '3 15'
3-I am recieving '3 15', message of len '5'
3-PFLX RECV: started
3-PFLX SEND ROUTINE: pushing into upQueue '3 16'
3-I am recieving '3 16', message of len '5'
3-PFLX RECV: started
3-PFLX SEND ROUTINE: pushing into upQueue '3 17'
3-I am recieving '3 17', message of len '5'
3-PFLX RECV: started
3-PFLX SEND ROUTINE: pushing into upQueue '3 18'
3-I am recieving '3 18', message of len '5'
3-PFLX RECV: started
3-PFLX SEND ROUTINE: pushing into upQueue '3 19'
3-I am recieving '3 19', message of len '5'
3-PFLX RECV: started
3-PFLX RECV ROUTINE: just udp recvd wh result 39
3-PFLX RECV ROUTINE: recreating message from frame
3-PFLX RECV ROUTINE: entering main logic
3-PFLX RECV ROUTINE: recieved an ack from 10 for message ID 57
3-PFLX RECV ROUTINE: ACK is non-consequent, adding to set
3-PFLX RECV ROUTINE: just udp recvd wh result 39
3-PFLX RECV ROUTINE: recreating message from frame
3-PFLX RECV ROUTINE: entering main logic
3-PFLX RECV ROUTINE: recieved an ack from 10 for message ID 58
3-PFLX RECV ROUTINE: ACK is non-consequent, adding to set
3-PFLX RECV ROUTINE: just udp recvd wh result 39
3-PFLX RECV ROUTINE: recreating message from frame
3-PFLX RECV ROUTINE: entering main logic
3-PFLX RECV ROUTINE: recieved an ack from 10 for message ID 59
3-PFLX RECV ROUTINE: ACK is non-consequent, adding to set
3-PFLX RECV ROUTINE: just udp recvd wh result 39
3-PFLX RECV ROUTINE: recreating message from frame
3-PFLX RECV ROUTINE: entering main logic
3-PFLX RECV ROUTINE: recieved an ack from 10 for message ID 60
3-PFLX RECV ROUTINE: ACK is non-consequent, adding to set
3-PFLX RECV ROUTINE: just udp recvd wh result 39
3-PFLX RECV ROUTINE: recreating message from frame
3-PFLX RECV ROUTINE: entering main logic
3-PFLX RECV ROUTINE: recieved an ack from 10 for message ID 61
3-PFLX RECV ROUTINE: ACK is non-consequent, adding to set
3-PFLX RECV ROUTINE: just udp recvd wh result 39
3-PFLX RECV ROUTINE: recreating message from frame
3-PFLX RECV ROUTINE: entering main logic
3-PFLX RECV ROUTINE: recieved an ack from 10 for message ID 62
3-PFLX RECV ROUTINE: ACK is non-consequent, adding to set
3-PFLX RECV ROUTINE: just udp recvd wh result 39
3-PFLX RECV ROUTINE: recreating message from frame
3-PFLX RECV ROUTINE: entering main logic
3-PFLX RECV ROUTINE: recieved an ack from 10 for message ID 69
3-PFLX RECV ROUTINE: ACK is non-consequent, adding to set
3-PFLX RECV ROUTINE: just udp recvd wh result 39
3-PFLX RECV ROUTINE: recreating message from frame
3-PFLX RECV ROUTINE: entering main logic
3-PFLX RECV ROUTINE: recieved an ack from 10 for message ID 70
3-PFLX RECV ROUTINE: ACK is non-consequent, adding to set
3-PFLX RECV ROUTINE: just udp recvd wh result 39
3-PFLX RECV ROUTINE: recreating message from frame
3-PFLX RECV ROUTINE: entering main logic
3-PFLX RECV ROUTINE: recieved an ack from 10 for message ID 71
3-PFLX RECV ROUTINE: ACK is non-consequent, adding to set
3-PFLX RECV ROUTINE: just udp recvd wh result 39
3-PFLX RECV ROUTINE: recreating message from frame
3-PFLX RECV ROUTINE: entering main logic
3-PFLX RECV ROUTINE: recieved an ack from 10 for message ID 72
3-PFLX RECV ROUTINE: ACK is non-consequent, adding to set
3-PFLX RECV ROUTINE: just udp recvd wh result 39
3-PFLX RECV ROUTINE: recreating message from frame
3-PFLX RECV ROUTINE: entering main logic
3-PFLX RECV ROUTINE: recieved an ack from 10 for message ID 77
3-PFLX RECV ROUTINE: ACK is non-consequent, adding to set
3-PFLX RECV ROUTINE: just udp recvd wh result 39
3-PFLX RECV ROUTINE: recreating message from frame
3-PFLX RECV ROUTINE: entering main logic
3-PFLX RECV ROUTINE: recieved an ack from 10 for message ID 78
3-PFLX RECV ROUTINE: ACK is non-consequent, adding to set
3-PFLX SEND ROUTINE: pushing into upQueue '3 57'
3-PFLX SEND ROUTINE: pushing into upQueue '3 58'
3-I am recieving '3 57', message of len '5'
3-PFLX RECV: started
3-I am recieving '3 58', message of len '5'
3-PFLX RECV: started
3-PFLX RECV ROUTINE: just udp recvd wh result 39
3-PFLX RECV ROUTINE: recreating message from frame
3-PFLX RECV ROUTINE: entering main logic
3-PFLX RECV ROUTINE: recieved an ack from 10 for message ID 79
3-PFLX RECV ROUTINE: ACK is non-consequent, adding to set
3-PFLX RECV ROUTINE: just udp recvd wh result 39
3-PFLX RECV ROUTINE: recreating message from frame
3-PFLX RECV ROUTINE: entering main logic
3-PFLX RECV ROUTINE: recieved an ack from 10 for message ID 80
3-PFLX RECV ROUTINE: ACK is non-consequent, adding to set
3-PFLX RECV ROUTINE: just udp recvd wh result 38
3-PFLX RECV ROUTINE: recreating message from frame
3-PFLX RECV ROUTINE: entering main logic
3-PFLX RECV ROUTINE: recieved an ack from 10 for message ID 5
3-PFLX RECV ROUTINE: ACK is non-consequent, adding to set
3-PFLX RECV ROUTINE: just udp recvd wh result 39
3-PFLX RECV ROUTINE: recreating message from frame
3-PFLX RECV ROUTINE: entering main logic
3-PFLX RECV ROUTINE: recieved an ack from 10 for message ID 81
3-PFLX RECV ROUTINE: ACK is non-consequent, adding to set
3-PFLX SEND ROUTINE: pushing into upQueue '3 59'
3-I am recieving '3 59', message of len '5'
3-PFLX RECV: started
3-PFLX SEND ROUTINE: pushing into upQueue '3 60'
3-PFLX RECV ROUTINE: just udp recvd wh result 39
3-PFLX RECV ROUTINE: recreating message from frame
3-PFLX RECV ROUTINE: entering main logic
3-PFLX RECV ROUTINE: recieved an ack from 10 for message ID 82
3-PFLX RECV ROUTINE: ACK is non-consequent, adding to set
3-I am recieving '3 60', message of len '5'
3-PFLX RECV: started
3-PFLX SEND ROUTINE: pushing into upQueue '3 61'
3-I am recieving '3 61', message of len '5'
3-PFLX RECV: started
3-PFLX RECV ROUTINE: just udp recvd wh result 39
3-PFLX RECV ROUTINE: recreating message from frame
3-PFLX RECV ROUTINE: entering main logic
3-PFLX RECV ROUTINE: recieved an ack from 10 for message ID 83
3-PFLX RECV ROUTINE: ACK is non-consequent, adding to set
3-PFLX SEND ROUTINE: pushing into upQueue '3 62'
3-I am recieving '3 62', message of len '5'
3-PFLX RECV: started
3-PFLX SEND ROUTINE: pushing into upQueue '3 69'
3-I am recieving '3 69', message of len '5'
3-PFLX RECV: started
3-PFLX SEND ROUTINE: pushing into upQueue '3 70'
3-I am recieving '3 70', message of len '5'
3-PFLX RECV: started
3-PFLX SEND ROUTINE: pushing into upQueue '3 71'
3-I am recieving '3 71', message of len '5'
3-PFLX RECV: started
3-PFLX SEND ROUTINE: pushing into upQueue '3 72'
3-I am recieving '3 72', message of len '5'
3-PFLX RECV: started
3-PFLX RECV ROUTINE: just udp recvd wh result 39
3-PFLX RECV ROUTINE: recreating message from frame
3-PFLX RECV ROUTINE: entering main logic
3-PFLX RECV ROUTINE: recieved an ack from 10 for message ID 84
3-PFLX RECV ROUTINE: ACK is non-consequent, adding to set
3-PFLX RECV ROUTINE: just udp recvd wh result 38
3-PFLX RECV ROUTINE: recreating message from frame
3-PFLX RECV ROUTINE: entering main logic
3-PFLX RECV ROUTINE: recieved an ack from 10 for message ID 8
3-PFLX RECV ROUTINE: ACK is non-consequent, adding to set
3-PFLX RECV ROUTINE: just udp recvd wh result 38
3-PFLX RECV ROUTINE: recreating message from frame
3-PFLX RECV ROUTINE: entering main logic
3-PFLX RECV ROUTINE: recieved an ack from 10 for message ID 9
3-PFLX RECV ROUTINE: ACK is non-consequent, adding to set
3-PFLX SEND ROUTINE: pushing into upQueue '3 77'
3-PFLX RECV ROUTINE: just udp recvd wh result 39
3-PFLX RECV ROUTINE: recreating message from frame
3-PFLX RECV ROUTINE: entering main logic
3-PFLX RECV ROUTINE: recieved an ack from 10 for message ID 10
3-PFLX RECV ROUTINE: ACK is non-consequent, adding to set
3-I am recieving '3 77', message of len '5'
3-PFLX RECV: started
3-PFLX SEND ROUTINE: pushing into upQueue '3 78'
3-I am recieving '3 78', message of len '5'
3-PFLX RECV: started
3-PFLX RECV ROUTINE: just udp recvd wh result 39
3-PFLX RECV ROUTINE: recreating message from frame
3-PFLX RECV ROUTINE: entering main logic
3-PFLX RECV ROUTINE: recieved an ack from 10 for message ID 11
3-PFLX RECV ROUTINE: ACK is non-consequent, adding to set
3-PFLX SEND ROUTINE: pushing into upQueue '3 79'
3-I am recieving '3 79', message of len '5'
3-PFLX RECV: started
3-PFLX SEND ROUTINE: pushing into upQueue '3 80'
3-I am recieving '3 80', message of len '5'
3-PFLX RECV: started
3-PFLX SEND ROUTINE: pushing into upQueue '3 5'
3-I am recieving '3 5', message of len '4'
3-PFLX RECV: started
3-PFLX SEND ROUTINE: pushing into upQueue '3 81'
3-I am recieving '3 81', message of len '5'
3-PFLX RECV: started
3-PFLX SEND ROUTINE: pushing into upQueue '3 82'
3-I am recieving '3 82', message of len '5'
3-PFLX RECV: started
3-PFLX SEND ROUTINE: pushing into upQueue '3 83'
3-I am recieving '3 83', message of len '5'
3-PFLX RECV: started
3-PFLX SEND ROUTINE: pushing into upQueue '3 84'
3-I am recieving '3 84', message of len '5'
3-PFLX RECV: started
3-PFLX RECV ROUTINE: just udp recvd wh result 39
3-PFLX RECV ROUTINE: recreating message from frame
3-PFLX RECV ROUTINE: entering main logic
3-PFLX RECV ROUTINE: recieved an ack from 10 for message ID 20
3-PFLX RECV ROUTINE: ACK is non-consequent, adding to set
3-PFLX SEND ROUTINE: pushing into upQueue '3 8'
3-I am recieving '3 8', message of len '4'
3-PFLX RECV: started
3-PFLX SEND ROUTINE: pushing into upQueue '3 9'
3-I am recieving '3 9', message of len '4'
3-PFLX RECV: started
3-PFLX SEND ROUTINE: pushing into upQueue '3 10'
3-I am recieving '3 10', message of len '5'
3-PFLX RECV: started
3-PFLX SEND ROUTINE: pushing into upQueue '3 11'
3-I am recieving '3 11', message of len '5'
3-PFLX RECV: started
3-PFLX SEND ROUTINE: pushing into upQueue '3 20'
3-I am recieving '3 20', message of len '5'
3-PFLX RECV: started
3-PFLX RECV ROUTINE: just udp recvd wh result 39
3-PFLX RECV ROUTINE: recreating message from frame
3-PFLX RECV ROUTINE: entering main logic
3-PFLX RECV ROUTINE: recieved an ack from 10 for message ID 21
3-PFLX RECV ROUTINE: ACK is non-consequent, adding to set
3-PFLX RECV ROUTINE: just udp recvd wh result 38
3-PFLX RECV ROUTINE: recreating message from frame
3-PFLX RECV ROUTINE: entering main logic
3-PFLX RECV ROUTINE: recieved an ack from 10 for message ID 1
3-PFLX RECV ROUTINE: ACK matches expected consequent, updating
3-PFLX RECV ROUTINE: just udp recvd wh result 39
3-PFLX RECV ROUTINE: recreating message from frame
3-PFLX RECV ROUTINE: entering main logic
3-PFLX RECV ROUTINE: recieved an ack from 10 for message ID 22
3-PFLX RECV ROUTINE: ACK is non-consequent, adding to set
3-PFLX RECV ROUTINE: just udp recvd wh result 39
3-PFLX RECV ROUTINE: recreating message from frame
3-PFLX RECV ROUTINE: entering main logic
3-PFLX RECV ROUTINE: recieved an ack from 10 for message ID 23
3-PFLX RECV ROUTINE: ACK is non-consequent, adding to set
3-PFLX RECV ROUTINE: just udp recvd wh result 39
3-PFLX RECV ROUTINE: recreating message from frame
3-PFLX RECV ROUTINE: entering main logic
3-PFLX RECV ROUTINE: recieved an ack from 10 for message ID 24
3-PFLX RECV ROUTINE: ACK is non-consequent, adding to set
3-PFLX SEND ROUTINE: pushing into upQueue '3 21'
3-I am recieving '3 21', message of len '5'
3-PFLX RECV: started
3-PFLX SEND ROUTINE: pushing into upQueue '3 1'
3-I am recieving '3 1', message of len '4'
3-PFLX RECV: started
3-PFLX SEND ROUTINE: pushing into upQueue '3 22'
3-I am recieving '3 22', message of len '5'
3-PFLX RECV: started
3-PFLX SEND ROUTINE: pushing into upQueue '3 23'
3-I am recieving '3 23', message of len '5'
3-PFLX RECV: started
3-PFLX SEND ROUTINE: pushing into upQueue '3 24'
3-I am recieving '3 24', message of len '5'
3-PFLX RECV: started
3-PFLX RECV ROUTINE: just udp recvd wh result 39
3-PFLX RECV ROUTINE: recreating message from frame
3-PFLX RECV ROUTINE: entering main logic
3-PFLX RECV ROUTINE: recieved an ack from 10 for message ID 73
3-PFLX RECV ROUTINE: ACK is non-consequent, adding to set
3-PFLX RECV ROUTINE: just udp recvd wh result 39
3-PFLX RECV ROUTINE: recreating message from frame
3-PFLX RECV ROUTINE: entering main logic
3-PFLX RECV ROUTINE: recieved an ack from 10 for message ID 74
3-PFLX RECV ROUTINE: ACK is non-consequent, adding to set
3-PFLX RECV ROUTINE: just udp recvd wh result 39
3-PFLX RECV ROUTINE: recreating message from frame
3-PFLX RECV ROUTINE: entering main logic
3-PFLX RECV ROUTINE: recieved an ack from 10 for message ID 75
3-PFLX RECV ROUTINE: ACK is non-consequent, adding to set
3-PFLX RECV ROUTINE: just udp recvd wh result 39
3-PFLX RECV ROUTINE: recreating message from frame
3-PFLX RECV ROUTINE: entering main logic
3-PFLX RECV ROUTINE: recieved an ack from 10 for message ID 76
3-PFLX RECV ROUTINE: ACK is non-consequent, adding to set
3-PFLX SEND ROUTINE: pushing into upQueue '3 73'
3-PFLX SEND ROUTINE: pushing into upQueue '3 74'
3-PFLX RECV ROUTINE: just udp recvd wh result 39
3-PFLX RECV ROUTINE: recreating message from frame
3-PFLX RECV ROUTINE: entering main logic
3-PFLX RECV ROUTINE: recieved an ack from 10 for message ID 87
3-PFLX RECV ROUTINE: ACK is non-consequent, adding to set
3-PFLX SEND ROUTINE: pushing into upQueue '3 75'
3-PFLX SEND ROUTINE: pushing into upQueue '3 76'
3-PFLX RECV ROUTINE: just udp recvd wh result 39
3-PFLX RECV ROUTINE: recreating message from frame
3-PFLX RECV ROUTINE: entering main logic
3-PFLX RECV ROUTINE: recieved an ack from 10 for message ID 88
3-PFLX RECV ROUTINE: ACK is non-consequent, adding to set
3-PFLX RECV ROUTINE: just udp recvd wh result 39
3-PFLX RECV ROUTINE: recreating message from frame
3-PFLX RECV ROUTINE: entering main logic
3-PFLX RECV ROUTINE: recieved an ack from 10 for message ID 99
3-PFLX RECV ROUTINE: ACK is non-consequent, adding to set
3-I am recieving '3 73', message of len '5'
3-PFLX RECV: started
3-I am recieving '3 74', message of len '5'
3-PFLX RECV: started
3-I am recieving '3 75', message of len '5'
3-PFLX RECV: started
3-I am recieving '3 76', message of len '5'
3-PFLX RECV: started
3-PFLX SEND ROUTINE: pushing into upQueue '3 87'
3-I am recieving '3 87', message of len '5'
3-PFLX RECV: started
3-PFLX SEND ROUTINE: pushing into upQueue '3 88'
3-I am recieving '3 88', message of len '5'
3-PFLX RECV: started
3-PFLX SEND ROUTINE: pushing into upQueue '3 99'
3-I am recieving '3 99', message of len '5'
3-PFLX RECV: started
3-PFLX RECV ROUTINE: just udp recvd wh result 40
3-PFLX RECV ROUTINE: recreating message from frame
3-PFLX RECV ROUTINE: entering main logic
3-PFLX RECV ROUTINE: recieved an ack from 10 for message ID 100
3-PFLX RECV ROUTINE: ACK is non-consequent, adding to set
3-PFLX SEND ROUTINE: pushing into upQueue '3 100'
3-I am recieving '3 100', message of len '6'
3-PFLX RECV: started
3-PFLX RECV ROUTINE: just udp recvd wh result 38
3-PFLX RECV ROUTINE: recreating message from frame
3-PFLX RECV ROUTINE: entering main logic
3-PFLX RECV ROUTINE: recieved an ack from 10 for message ID 7
3-PFLX RECV ROUTINE: ACK matches expected consequent, updating
3-PFLX SEND ROUTINE: pushing into upQueue '3 7'
3-I am recieving '3 7', message of len '4'
3-PFLX RECV: started
3-PFLX RECV ROUTINE: just udp recvd wh result 39
3-PFLX RECV ROUTINE: recreating message from frame
3-PFLX RECV ROUTINE: entering main logic
3-PFLX RECV ROUTINE: recieved an ack from 10 for message ID 25
3-PFLX RECV ROUTINE: ACK matches expected consequent, updating
3-PFLX RECV ROUTINE: just udp recvd wh result 39
3-PFLX RECV ROUTINE: recreating message from frame
3-PFLX RECV ROUTINE: entering main logic
3-PFLX RECV ROUTINE: recieved an ack from 10 for message ID 26
3-PFLX RECV ROUTINE: ACK matches expected consequent, updating
3-PFLX RECV ROUTINE: just udp recvd wh result 39
3-PFLX RECV ROUTINE: recreating message from frame
3-PFLX RECV ROUTINE: entering main logic
3-PFLX RECV ROUTINE: recieved an ack from 10 for message ID 27
3-PFLX RECV ROUTINE: ACK matches expected consequent, updating
3-PFLX RECV ROUTINE: just udp recvd wh result 39
3-PFLX RECV ROUTINE: recreating message from frame
3-PFLX RECV ROUTINE: entering main logic
3-PFLX RECV ROUTINE: recieved an ack from 10 for message ID 28
3-PFLX RECV ROUTINE: ACK matches expected consequent, updating
3-PFLX RECV ROUTINE: just udp recvd wh result 39
3-PFLX RECV ROUTINE: recreating message from frame
3-PFLX RECV ROUTINE: entering main logic
3-PFLX RECV ROUTINE: recieved an ack from 10 for message ID 29
3-PFLX RECV ROUTINE: ACK matches expected consequent, updating
3-PFLX RECV ROUTINE: just udp recvd wh result 39
3-PFLX RECV ROUTINE: recreating message from frame
3-PFLX RECV ROUTINE: entering main logic
3-PFLX RECV ROUTINE: recieved an ack from 10 for message ID 30
3-PFLX RECV ROUTINE: ACK matches expected consequent, updating
3-PFLX RECV ROUTINE: just udp recvd wh result 39
3-PFLX RECV ROUTINE: recreating message from frame
3-PFLX RECV ROUTINE: entering main logic
3-PFLX RECV ROUTINE: recieved an ack from 10 for message ID 31
3-PFLX RECV ROUTINE: ACK matches expected consequent, updating
3-PFLX SEND ROUTINE: pushing into upQueue '3 25'
3-I am recieving '3 25', message of len '5'
3-PFLX RECV: started
3-PFLX SEND ROUTINE: pushing into upQueue '3 26'
3-I am recieving '3 26', message of len '5'
3-PFLX RECV: started
3-PFLX RECV ROUTINE: just udp recvd wh result 39
3-PFLX RECV ROUTINE: recreating message from frame
3-PFLX RECV ROUTINE: entering main logic
3-PFLX RECV ROUTINE: recieved an ack from 10 for message ID 27
3-PFLX SEND ROUTINE: pushing into upQueue '3 27'
3-I am recieving '3 27', message of len '5'
3-PFLX RECV: started
3-PFLX SEND ROUTINE: pushing into upQueue '3 28'
3-I am recieving '3 28', message of len '5'
3-PFLX RECV: started
3-PFLX RECV ROUTINE: just udp recvd wh result 39
3-PFLX RECV ROUTINE: recreating message from frame
3-PFLX RECV ROUTINE: entering main logic
3-PFLX RECV ROUTINE: recieved an ack from 10 for message ID 28
3-PFLX SEND ROUTINE: pushing into upQueue '3 29'
3-I am recieving '3 29', message of len '5'
3-PFLX RECV: started
3-PFLX SEND ROUTINE: pushing into upQueue '3 30'
3-I am recieving '3 30', message of len '5'
3-PFLX RECV: started
3-PFLX SEND ROUTINE: pushing into upQueue '3 31'
3-I am recieving '3 31', message of len '5'
3-PFLX RECV: started
3-PFLX RECV ROUTINE: just udp recvd wh result 39
3-PFLX RECV ROUTINE: recreating message from frame
3-PFLX RECV ROUTINE: entering main logic
3-PFLX RECV ROUTINE: recieved an ack from 10 for message ID 29
3-PFLX RECV ROUTINE: just udp recvd wh result 39
3-PFLX RECV ROUTINE: recreating message from frame
3-PFLX RECV ROUTINE: entering main logic
3-PFLX RECV ROUTINE: recieved an ack from 10 for message ID 30
3-PFLX RECV ROUTINE: just udp recvd wh result 39
3-PFLX RECV ROUTINE: recreating message from frame
3-PFLX RECV ROUTINE: entering main logic
3-PFLX RECV ROUTINE: recieved an ack from 10 for message ID 31
3-PFLX RECV ROUTINE: just udp recvd wh result 39
3-PFLX RECV ROUTINE: recreating message from frame
3-PFLX RECV ROUTINE: entering main logic
3-PFLX RECV ROUTINE: recieved an ack from 10 for message ID 32
3-PFLX RECV ROUTINE: ACK matches expected consequent, updating
3-PFLX SEND ROUTINE: pushing into upQueue '3 32'
3-I am recieving '3 32', message of len '5'
3-PFLX RECV: started
3-PFLX RECV ROUTINE: just udp recvd wh result 39
3-PFLX RECV ROUTINE: recreating message from frame
3-PFLX RECV ROUTINE: entering main logic
3-PFLX RECV ROUTINE: recieved an ack from 10 for message ID 73
3-PFLX RECV ROUTINE: just udp recvd wh result 39
3-PFLX RECV ROUTINE: recreating message from frame
3-PFLX RECV ROUTINE: entering main logic
3-PFLX RECV ROUTINE: recieved an ack from 10 for message ID 74
3-PFLX RECV ROUTINE: just udp recvd wh result 39
3-PFLX RECV ROUTINE: recreating message from frame
3-PFLX RECV ROUTINE: entering main logic
3-PFLX RECV ROUTINE: recieved an ack from 10 for message ID 85
3-PFLX RECV ROUTINE: ACK matches expected consequent, updating
3-PFLX SEND ROUTINE: pushing into upQueue '3 85'
3-I am recieving '3 85', message of len '5'
3-PFLX RECV: started
3-PFLX RECV ROUTINE: just udp recvd wh result 39
3-PFLX RECV ROUTINE: recreating message from frame
3-PFLX RECV ROUTINE: entering main logic
3-PFLX RECV ROUTINE: recieved an ack from 10 for message ID 86
3-PFLX RECV ROUTINE: ACK matches expected consequent, updating
3-PFLX SEND ROUTINE: pushing into upQueue '3 86'
3-I am recieving '3 86', message of len '5'
3-PFLX SEND ROUTINE: shutdown sentinel received, exiting
3-PFLX RECV ROUTINE: just udp recvd wh result 39
3-PFLX RECV ROUTINE: recreating message from frame
3-PFLX RECV ROUTINE: entering main logic
3-PFLX RECV ROUTINE: recieved an ack from 10 for message ID 32
3-PFLX RECV ROUTINE: stop requested, exiting
loop finished!
main has finished
